<<<<<<< HEAD
This is pdfTeX, Version 3.141592653-2.6-1.40.28 (TeX Live 2025) (preloaded format=pdflatex 2025.6.6)  9 JUN 2025 12:06
=======
This is pdfTeX, Version 3.141592653-2.6-1.40.28 (TeX Live 2025) (preloaded format=pdflatex 2025.6.6)  17 JUN 2025 22:21
>>>>>>> 87fc2e8f35135b39fdf2a1906812608d49e01bd6
entering extended mode
 restricted \write18 enabled.
 %&-line parsing enabled.
**GMD-Thompson-et-al.tex
(./GMD-Thompson-et-al.tex
LaTeX2e <2025-06-01>
L3 programming layer <2025-05-26>
<<<<<<< HEAD
(c:/Users/danthomp/AppData/Roaming/TinyTeX/texmf-dist/tex/latex/base/article.cls
Document Class: article 2025/01/22 v1.4n Standard LaTeX document class
(c:/Users/danthomp/AppData/Roaming/TinyTeX/texmf-dist/tex/latex/base/size10.clo
File: size10.clo 2025/01/22 v1.4n Standard LaTeX file (size option)
)
\c@part=\count275
\c@section=\count276
\c@subsection=\count277
\c@subsubsection=\count278
\c@paragraph=\count279
\c@subparagraph=\count280
\c@figure=\count281
\c@table=\count282
\abovecaptionskip=\skip49
\belowcaptionskip=\skip50
\bibindent=\dimen148
) (c:/Users/danthomp/AppData/Roaming/TinyTeX/texmf-dist/tex/latex/amsmath/amsmath.sty
Package: amsmath 2025/05/18 v2.17x AMS math features
\@mathmargin=\skip51
For additional information on amsmath, use the `?' option.
(c:/Users/danthomp/AppData/Roaming/TinyTeX/texmf-dist/tex/latex/amsmath/amstext.sty
Package: amstext 2024/11/17 v2.01 AMS text
(c:/Users/danthomp/AppData/Roaming/TinyTeX/texmf-dist/tex/latex/amsmath/amsgen.sty
File: amsgen.sty 1999/11/30 v2.0 generic functions
\@emptytoks=\toks17
\ex@=\dimen149
)) (c:/Users/danthomp/AppData/Roaming/TinyTeX/texmf-dist/tex/latex/amsmath/amsbsy.sty
Package: amsbsy 1999/11/29 v1.2d Bold Symbols
\pmbraise@=\dimen150
) (c:/Users/danthomp/AppData/Roaming/TinyTeX/texmf-dist/tex/latex/amsmath/amsopn.sty
Package: amsopn 2022/04/08 v2.04 operator names
)
\inf@bad=\count283
LaTeX Info: Redefining \frac on input line 233.
\uproot@=\count284
\leftroot@=\count285
LaTeX Info: Redefining \overline on input line 398.
LaTeX Info: Redefining \colon on input line 409.
\classnum@=\count286
\DOTSCASE@=\count287
LaTeX Info: Redefining \ldots on input line 495.
LaTeX Info: Redefining \dots on input line 498.
LaTeX Info: Redefining \cdots on input line 619.
\Mathstrutbox@=\box53
\strutbox@=\box54
LaTeX Info: Redefining \big on input line 721.
LaTeX Info: Redefining \Big on input line 722.
LaTeX Info: Redefining \bigg on input line 723.
LaTeX Info: Redefining \Bigg on input line 724.
\big@size=\dimen151
LaTeX Font Info:    Redeclaring font encoding OML on input line 742.
LaTeX Font Info:    Redeclaring font encoding OMS on input line 743.
\macc@depth=\count288
LaTeX Info: Redefining \bmod on input line 904.
LaTeX Info: Redefining \pmod on input line 909.
LaTeX Info: Redefining \smash on input line 939.
LaTeX Info: Redefining \relbar on input line 969.
LaTeX Info: Redefining \Relbar on input line 970.
\c@MaxMatrixCols=\count289
\dotsspace@=\muskip17
\c@parentequation=\count290
\dspbrk@lvl=\count291
\tag@help=\toks18
\row@=\count292
\column@=\count293
\maxfields@=\count294
\andhelp@=\toks19
\eqnshift@=\dimen152
\alignsep@=\dimen153
\tagshift@=\dimen154
\tagwidth@=\dimen155
\totwidth@=\dimen156
\lineht@=\dimen157
\@envbody=\toks20
\multlinegap=\skip52
\multlinetaggap=\skip53
\mathdisplay@stack=\toks21
LaTeX Info: Redefining \[ on input line 2949.
LaTeX Info: Redefining \] on input line 2950.
) (c:/Users/danthomp/AppData/Roaming/TinyTeX/texmf-dist/tex/latex/amsfonts/amssymb.sty
Package: amssymb 2013/01/14 v3.01 AMS font symbols
(c:/Users/danthomp/AppData/Roaming/TinyTeX/texmf-dist/tex/latex/amsfonts/amsfonts.sty
Package: amsfonts 2013/01/14 v3.01 Basic AMSFonts support
\symAMSa=\mathgroup4
\symAMSb=\mathgroup5
LaTeX Font Info:    Redeclaring math symbol \hbar on input line 98.
LaTeX Font Info:    Overwriting math alphabet `\mathfrak' in version `bold'
(Font)                  U/euf/m/n --> U/euf/b/n on input line 106.
)) (c:/Users/danthomp/AppData/Roaming/TinyTeX/texmf-dist/tex/generic/iftex/iftex.sty
Package: iftex 2024/12/12 v1.0g TeX engine tests
) (c:/Users/danthomp/AppData/Roaming/TinyTeX/texmf-dist/tex/latex/base/fontenc.sty
Package: fontenc 2024/12/21 v2.1c Standard LaTeX package
) (c:/Users/danthomp/AppData/Roaming/TinyTeX/texmf-dist/tex/latex/base/inputenc.sty
Package: inputenc 2024/02/08 v1.3d Input encoding file
\inpenc@prehook=\toks22
\inpenc@posthook=\toks23
=======
(./copernicus.cls
Document Class: copernicus 2022/03/25 9.46 Copernicus papers
(c:/Users/danthomp/AppData/Roaming/TinyTeX/texmf-dist/tex/latex/base/fixltx2e.sty
Package: fixltx2e 2016/12/29 v2.1a fixes to LaTeX (obsolete)
Applying: [2015/01/01] Old fixltx2e package on input line 46.

Package fixltx2e Warning: fixltx2e is not required with releases after 2015
(fixltx2e)                All fixes are now in the LaTeX kernel.
(fixltx2e)                See the latexrelease package for details.

Already applied: [0000/00/00] Old fixltx2e package on input line 53.
)
Additional configuration file copernicus.cfg used
(./copernicus.cfg) (c:/Users/danthomp/AppData/Roaming/TinyTeX/texmf-dist/tex/latex/base/article.cls
Document Class: article 2025/01/22 v1.4n Standard LaTeX document class
(c:/Users/danthomp/AppData/Roaming/TinyTeX/texmf-dist/tex/latex/base/fleqn.clo
File: fleqn.clo 2016/12/29 v1.2b Standard LaTeX option (flush left equations)
\mathindent=\skip49
Applying: [2015/01/01] Make \[ robust on input line 50.
LaTeX Info: Redefining \[ on input line 51.
Already applied: [0000/00/00] Make \[ robust on input line 62.
Applying: [2015/01/01] Make \] robust on input line 74.
LaTeX Info: Redefining \] on input line 75.
Already applied: [0000/00/00] Make \] robust on input line 83.
) (c:/Users/danthomp/AppData/Roaming/TinyTeX/texmf-dist/tex/latex/base/size10.clo
File: size10.clo 2025/01/22 v1.4n Standard LaTeX file (size option)
)
\c@part=\count275
\c@section=\count276
\c@subsection=\count277
\c@subsubsection=\count278
\c@paragraph=\count279
\c@subparagraph=\count280
\c@figure=\count281
\c@table=\count282
\abovecaptionskip=\skip50
\belowcaptionskip=\skip51
\bibindent=\dimen148
)
\bleed=\dimen149
\longtwo@top=\skip52
\longtwo@bottom=\skip53
\longtwo@box=\box53
(c:/Users/danthomp/AppData/Roaming/TinyTeX/texmf-dist/tex/generic/ulem/ulem.sty
\UL@box=\box54
\UL@hyphenbox=\box55
\UL@skip=\skip54
\UL@hook=\toks17
\UL@height=\dimen150
\UL@pe=\count283
\UL@pixel=\dimen151
\ULC@box=\box56
Package: ulem 2019/11/18
\ULdepth=\dimen152
) (c:/Users/danthomp/AppData/Roaming/TinyTeX/texmf-dist/tex/latex/base/fontenc.sty
Package: fontenc 2024/12/21 v2.1c Standard LaTeX package
>>>>>>> 87fc2e8f35135b39fdf2a1906812608d49e01bd6
) (c:/Users/danthomp/AppData/Roaming/TinyTeX/texmf-dist/tex/latex/base/textcomp.sty
Package: textcomp 2024/04/24 v2.1b Standard LaTeX package
) (c:/Users/danthomp/AppData/Roaming/TinyTeX/texmf-dist/tex/latex/lm/lmodern.sty
Package: lmodern 2015/05/01 v1.6.1 Latin Modern Fonts
LaTeX Font Info:    Overwriting symbol font `operators' in version `normal'
(Font)                  OT1/cmr/m/n --> OT1/lmr/m/n on input line 22.
LaTeX Font Info:    Overwriting symbol font `letters' in version `normal'
(Font)                  OML/cmm/m/it --> OML/lmm/m/it on input line 23.
LaTeX Font Info:    Overwriting symbol font `symbols' in version `normal'
(Font)                  OMS/cmsy/m/n --> OMS/lmsy/m/n on input line 24.
LaTeX Font Info:    Overwriting symbol font `largesymbols' in version `normal'
(Font)                  OMX/cmex/m/n --> OMX/lmex/m/n on input line 25.
LaTeX Font Info:    Overwriting symbol font `operators' in version `bold'
(Font)                  OT1/cmr/bx/n --> OT1/lmr/bx/n on input line 26.
LaTeX Font Info:    Overwriting symbol font `letters' in version `bold'
(Font)                  OML/cmm/b/it --> OML/lmm/b/it on input line 27.
LaTeX Font Info:    Overwriting symbol font `symbols' in version `bold'
(Font)                  OMS/cmsy/b/n --> OMS/lmsy/b/n on input line 28.
LaTeX Font Info:    Overwriting symbol font `largesymbols' in version `bold'
(Font)                  OMX/cmex/m/n --> OMX/lmex/m/n on input line 29.
LaTeX Font Info:    Overwriting math alphabet `\mathbf' in version `normal'
(Font)                  OT1/cmr/bx/n --> OT1/lmr/bx/n on input line 31.
LaTeX Font Info:    Overwriting math alphabet `\mathsf' in version `normal'
(Font)                  OT1/cmss/m/n --> OT1/lmss/m/n on input line 32.
LaTeX Font Info:    Overwriting math alphabet `\mathit' in version `normal'
(Font)                  OT1/cmr/m/it --> OT1/lmr/m/it on input line 33.
LaTeX Font Info:    Overwriting math alphabet `\mathtt' in version `normal'
(Font)                  OT1/cmtt/m/n --> OT1/lmtt/m/n on input line 34.
LaTeX Font Info:    Overwriting math alphabet `\mathbf' in version `bold'
(Font)                  OT1/cmr/bx/n --> OT1/lmr/bx/n on input line 35.
LaTeX Font Info:    Overwriting math alphabet `\mathsf' in version `bold'
(Font)                  OT1/cmss/bx/n --> OT1/lmss/bx/n on input line 36.
LaTeX Font Info:    Overwriting math alphabet `\mathit' in version `bold'
(Font)                  OT1/cmr/bx/it --> OT1/lmr/bx/it on input line 37.
LaTeX Font Info:    Overwriting math alphabet `\mathtt' in version `bold'
(Font)                  OT1/cmtt/m/n --> OT1/lmtt/m/n on input line 38.
) (c:/Users/danthomp/AppData/Roaming/TinyTeX/texmf-dist/tex/latex/upquote/upquote.sty
Package: upquote 2012/04/19 v1.3 upright-quote and grave-accent glyphs in verbatim
<<<<<<< HEAD
) (c:/Users/danthomp/AppData/Roaming/TinyTeX/texmf-dist/tex/latex/microtype/microtype.sty
Package: microtype 2025/02/11 v3.2a Micro-typographical refinements (RS)
=======
) (c:/Users/danthomp/AppData/Roaming/TinyTeX/texmf-dist/tex/latex/regexpatch/regexpatch.sty (c:/Users/danthomp/AppData/Roaming/TinyTeX/texmf-dist/tex/latex/l3kernel/expl3.sty
Package: expl3 2025-05-26 L3 programming layer (loader) 
(c:/Users/danthomp/AppData/Roaming/TinyTeX/texmf-dist/tex/latex/l3backend/l3backend-pdftex.def
File: l3backend-pdftex.def 2025-04-14 L3 backend support: PDF output (pdfTeX)
\l__color_backend_stack_int=\count284
))
Package: regexpatch 2021/03/21 v0.2f Extending etoolbox patching commands
(c:/Users/danthomp/AppData/Roaming/TinyTeX/texmf-dist/tex/latex/l3packages/xparse/xparse.sty
Package: xparse 2024-08-16 L3 Experimental document command parser
)) (c:/Users/danthomp/AppData/Roaming/TinyTeX/texmf-dist/tex/latex/base/inputenc.sty
Package: inputenc 2024/02/08 v1.3d Input encoding file
\inpenc@prehook=\toks18
\inpenc@posthook=\toks19
) (c:/Users/danthomp/AppData/Roaming/TinyTeX/texmf-dist/tex/generic/babel/babel.sty
Package: babel 2025/06/10 v25.10 The multilingual framework for pdfLaTeX, LuaLaTeX and XeLaTeX
\babel@savecnt=\count285
LaTeX Encoding Info:    Redeclaring text command \ij (encoding OT1) on input line 2043.
LaTeX Encoding Info:    Redeclaring text command \IJ (encoding OT1) on input line 2045.
LaTeX Encoding Info:    Redeclaring text command \ij (encoding T1) on input line 2047.
LaTeX Encoding Info:    Redeclaring text command \IJ (encoding T1) on input line 2048.
LaTeX Encoding Info:    Ignoring declaration for text command \ij (encoding ?) on input line 2049.
LaTeX Encoding Info:    Ignoring declaration for text command \IJ (encoding ?) on input line 2051.
LaTeX Encoding Info:    Ignoring declaration for text command \SS (encoding ?) on input line 2076.
\U@D=\dimen153
\l@unhyphenated=\language5
(c:/Users/danthomp/AppData/Roaming/TinyTeX/texmf-dist/tex/generic/babel/txtbabel.def)
\bbl@readstream=\read2
\bbl@dirlevel=\count286
Package babel Info: You haven't specified a language as a class or package
(babel)             option. I'll load 'nil'. Reported on input line 4266.
(c:/Users/danthomp/AppData/Roaming/TinyTeX/texmf-dist/tex/generic/babel/nil.ldf
Language: nil 2025/06/10 v25.10 Nil language
\l@nil=\language6
)) (c:/Users/danthomp/AppData/Roaming/TinyTeX/texmf-dist/tex/latex/tools/array.sty
Package: array 2025/06/08 v2.6j Tabular extension package (FMi)
\col@sep=\dimen154
\ar@mcellbox=\box57
\extrarowheight=\dimen155
\NC@list=\toks20
\extratabsurround=\skip55
\backup@length=\skip56
\ar@cellbox=\box58
) (c:/Users/danthomp/AppData/Roaming/TinyTeX/texmf-dist/tex/latex/tools/tabularx.sty
Package: tabularx 2023/12/11 v2.12a `tabularx' package (DPC)
\TX@col@width=\dimen156
\TX@old@table=\dimen157
\TX@old@col=\dimen158
\TX@target=\dimen159
\TX@delta=\dimen160
\TX@cols=\count287
\TX@ftn=\toks21
) (c:/Users/danthomp/AppData/Roaming/TinyTeX/texmf-dist/tex/latex/graphics/graphicx.sty
Package: graphicx 2024/12/31 v1.2e Enhanced LaTeX Graphics (DPC,SPQR)
>>>>>>> 87fc2e8f35135b39fdf2a1906812608d49e01bd6
(c:/Users/danthomp/AppData/Roaming/TinyTeX/texmf-dist/tex/latex/graphics/keyval.sty
Package: keyval 2022/05/29 v1.15 key=value parser (DPC)
\KV@toks@=\toks24
) (c:/Users/danthomp/AppData/Roaming/TinyTeX/texmf-dist/tex/latex/etoolbox/etoolbox.sty
Package: etoolbox 2025/02/11 v2.5l e-TeX tools for LaTeX (JAW)
\etb@tempcnta=\count295
)
\MT@toks=\toks25
\MT@tempbox=\box55
\MT@count=\count296
LaTeX Info: Redefining \noprotrusionifhmode on input line 1087.
LaTeX Info: Redefining \leftprotrusion on input line 1088.
\MT@prot@toks=\toks26
LaTeX Info: Redefining \rightprotrusion on input line 1107.
LaTeX Info: Redefining \textls on input line 1449.
\MT@outer@kern=\dimen158
LaTeX Info: Redefining \microtypecontext on input line 2053.
LaTeX Info: Redefining \textmicrotypecontext on input line 2070.
\MT@listname@count=\count297
(c:/Users/danthomp/AppData/Roaming/TinyTeX/texmf-dist/tex/latex/microtype/microtype-pdftex.def
File: microtype-pdftex.def 2025/02/11 v3.2a Definitions specific to pdftex (RS)
LaTeX Info: Redefining \lsstyle on input line 944.
LaTeX Info: Redefining \lslig on input line 944.
\MT@outer@space=\skip54
)
Package microtype Info: Loading configuration file microtype.cfg.
(c:/Users/danthomp/AppData/Roaming/TinyTeX/texmf-dist/tex/latex/microtype/microtype.cfg
File: microtype.cfg 2025/02/11 v3.2a microtype main configuration file (RS)
)
LaTeX Info: Redefining \microtypesetup on input line 3065.
) (c:/Users/danthomp/AppData/Roaming/TinyTeX/texmf-dist/tex/latex/xcolor/xcolor.sty
Package: xcolor 2024/09/29 v3.02 LaTeX color extensions (UK)
(c:/Users/danthomp/AppData/Roaming/TinyTeX/texmf-dist/tex/latex/graphics-cfg/color.cfg
File: color.cfg 2016/01/02 v1.6 sample color configuration
)
Package xcolor Info: Driver file: pdftex.def on input line 274.
(c:/Users/danthomp/AppData/Roaming/TinyTeX/texmf-dist/tex/latex/graphics-def/pdftex.def
File: pdftex.def 2024/04/13 v1.2c Graphics/color driver for pdftex
) (c:/Users/danthomp/AppData/Roaming/TinyTeX/texmf-dist/tex/latex/graphics/mathcolor.ltx)
Package xcolor Info: Model `cmy' substituted by `cmy0' on input line 1349.
Package xcolor Info: Model `hsb' substituted by `rgb' on input line 1353.
Package xcolor Info: Model `RGB' extended on input line 1365.
Package xcolor Info: Model `HTML' substituted by `rgb' on input line 1367.
Package xcolor Info: Model `Hsb' substituted by `hsb' on input line 1368.
Package xcolor Info: Model `tHsb' substituted by `hsb' on input line 1369.
Package xcolor Info: Model `HSB' substituted by `hsb' on input line 1370.
Package xcolor Info: Model `Gray' substituted by `gray' on input line 1371.
Package xcolor Info: Model `wave' substituted by `hsb' on input line 1372.
) (c:/Users/danthomp/AppData/Roaming/TinyTeX/texmf-dist/tex/latex/geometry/geometry.sty
Package: geometry 2020/01/02 v5.9 Page Geometry
(c:/Users/danthomp/AppData/Roaming/TinyTeX/texmf-dist/tex/generic/iftex/ifvtex.sty
Package: ifvtex 2019/10/25 v1.7 ifvtex legacy package. Use iftex instead.
)
\Gm@cnth=\count298
\Gm@cntv=\count299
\c@Gm@tempcnt=\count300
\Gm@bindingoffset=\dimen159
\Gm@wd@mp=\dimen160
\Gm@odd@mp=\dimen161
\Gm@even@mp=\dimen162
\Gm@layoutwidth=\dimen163
\Gm@layoutheight=\dimen164
\Gm@layouthoffset=\dimen165
\Gm@layoutvoffset=\dimen166
\Gm@dimlist=\toks27
) (c:/Users/danthomp/AppData/Roaming/TinyTeX/texmf-dist/tex/latex/fancyvrb/fancyvrb.sty
Package: fancyvrb 2024/01/20 4.5c verbatim text (tvz,hv)
\FV@CodeLineNo=\count301
\FV@InFile=\read2
\FV@TabBox=\box56
\c@FancyVerbLine=\count302
\FV@StepNumber=\count303
\FV@OutFile=\write3
) (c:/Users/danthomp/AppData/Roaming/TinyTeX/texmf-dist/tex/latex/framed/framed.sty
Package: framed 2011/10/22 v 0.96: framed or shaded text with page breaks
\OuterFrameSep=\skip55
\fb@frw=\dimen167
\fb@frh=\dimen168
\FrameRule=\dimen169
\FrameSep=\dimen170
) (c:/Users/danthomp/AppData/Roaming/TinyTeX/texmf-dist/tex/latex/graphics/graphicx.sty
Package: graphicx 2024/12/31 v1.2e Enhanced LaTeX Graphics (DPC,SPQR)
(c:/Users/danthomp/AppData/Roaming/TinyTeX/texmf-dist/tex/latex/graphics/graphics.sty
Package: graphics 2024/08/06 v1.4g Standard LaTeX Graphics (DPC,SPQR)
(c:/Users/danthomp/AppData/Roaming/TinyTeX/texmf-dist/tex/latex/graphics/trig.sty
Package: trig 2023/12/02 v1.11 sin cos tan (DPC)
) (c:/Users/danthomp/AppData/Roaming/TinyTeX/texmf-dist/tex/latex/graphics-cfg/graphics.cfg
File: graphics.cfg 2016/06/04 v1.11 sample graphics configuration
)
Package graphics Info: Driver file: pdftex.def on input line 106.
<<<<<<< HEAD
)
\Gin@req@height=\dimen171
\Gin@req@width=\dimen172
)
\cslhangindent=\skip56
\csllabelwidth=\skip57
(c:/Users/danthomp/AppData/Roaming/TinyTeX/texmf-dist/tex/latex/tools/calc.sty
Package: calc 2025/03/01 v4.3b Infix arithmetic (KKT,FJ)
\calc@Acount=\count304
\calc@Bcount=\count305
\calc@Adimen=\dimen173
\calc@Bdimen=\dimen174
\calc@Askip=\skip58
\calc@Bskip=\skip59
LaTeX Info: Redefining \setlength on input line 86.
LaTeX Info: Redefining \addtolength on input line 87.
\calc@Ccount=\count306
\calc@Cskip=\skip60
) (c:/Users/danthomp/AppData/Roaming/TinyTeX/texmf-dist/tex/latex/booktabs/booktabs.sty
Package: booktabs 2020/01/12 v1.61803398 Publication quality tables
\heavyrulewidth=\dimen175
\lightrulewidth=\dimen176
\cmidrulewidth=\dimen177
\belowrulesep=\dimen178
\belowbottomsep=\dimen179
\aboverulesep=\dimen180
\abovetopsep=\dimen181
\cmidrulesep=\dimen182
\cmidrulekern=\dimen183
\defaultaddspace=\dimen184
\@cmidla=\count307
\@cmidlb=\count308
\@aboverulesep=\dimen185
\@belowrulesep=\dimen186
\@thisruleclass=\count309
\@lastruleclass=\count310
\@thisrulewidth=\dimen187
) (c:/Users/danthomp/AppData/Roaming/TinyTeX/texmf-dist/tex/latex/tools/longtable.sty
Package: longtable 2024-12-18 v4.23 Multi-page Table package (DPC)
\LTleft=\skip61
\LTright=\skip62
\LTpre=\skip63
\LTpost=\skip64
\LTchunksize=\count311
\LTcapwidth=\dimen188
\LT@head=\box57
\LT@firsthead=\box58
\LT@foot=\box59
\LT@lastfoot=\box60
\LT@gbox=\box61
\LT@cols=\count312
\LT@rows=\count313
\c@LT@tables=\count314
\c@LT@chunks=\count315
\LT@p@ftn=\toks28
) (c:/Users/danthomp/AppData/Roaming/TinyTeX/texmf-dist/tex/latex/tools/array.sty
Package: array 2025/05/19 v2.6i Tabular extension package (FMi)
\col@sep=\dimen189
\ar@mcellbox=\box62
\extrarowheight=\dimen190
\NC@list=\toks29
\extratabsurround=\skip65
\backup@length=\skip66
\ar@cellbox=\box63
) (c:/Users/danthomp/AppData/Roaming/TinyTeX/texmf-dist/tex/latex/multirow/multirow.sty
Package: multirow 2024/11/12 v2.9 Span multiple rows of a table
\multirow@colwidth=\skip67
\multirow@cntb=\count316
\multirow@dima=\skip68
\bigstrutjot=\dimen191
) (c:/Users/danthomp/AppData/Roaming/TinyTeX/texmf-dist/tex/latex/wrapfig/wrapfig.sty
\wrapoverhang=\dimen192
\WF@size=\dimen193
\c@WF@wrappedlines=\count317
\WF@box=\box64
\WF@everypar=\toks30
Package: wrapfig 2003/01/31  v 3.6
) (c:/Users/danthomp/AppData/Roaming/TinyTeX/texmf-dist/tex/latex/float/float.sty
Package: float 2001/11/08 v1.3d Float enhancements (AL)
\c@float@type=\count318
\float@exts=\toks31
\float@box=\box65
\@float@everytoks=\toks32
\@floatcapt=\box66
) (c:/Users/danthomp/AppData/Roaming/TinyTeX/texmf-dist/tex/latex/colortbl/colortbl.sty
Package: colortbl 2024/10/29 v1.0k Color table columns (DPC)
\everycr=\toks33
\minrowclearance=\skip69
\rownum=\count319
) (c:/Users/danthomp/AppData/Roaming/TinyTeX/texmf-dist/tex/latex/pdflscape/pdflscape.sty
Package: pdflscape 2022-10-27 v0.13 Display of landscape pages in PDF
(c:/Users/danthomp/AppData/Roaming/TinyTeX/texmf-dist/tex/latex/pdflscape/pdflscape-nometadata.sty
Package: pdflscape-nometadata 2022-10-28 v0.13 Display of landscape pages in PDF (HO)
(c:/Users/danthomp/AppData/Roaming/TinyTeX/texmf-dist/tex/latex/graphics/lscape.sty
Package: lscape 2020/05/28 v3.02 Landscape Pages (DPC)
)
Package pdflscape Info: Auto-detected driver: pdftex on input line 81.
)) (c:/Users/danthomp/AppData/Roaming/TinyTeX/texmf-dist/tex/latex/tabu/tabu.sty
Package: tabu 2019/01/11 v2.9 - flexible LaTeX tabulars (FC+tabu-fixed)
(c:/Users/danthomp/AppData/Roaming/TinyTeX/texmf-dist/tex/latex/varwidth/varwidth.sty
Package: varwidth 2009/03/30 ver 0.92;  Variable-width minipages
\@vwid@box=\box67
\sift@deathcycles=\count320
\@vwid@loff=\dimen194
\@vwid@roff=\dimen195
)
==> First Aid for varwidth.sty applied!
\c@taburow=\count321
\tabu@nbcols=\count322
\tabu@cnt=\count323
\tabu@Xcol=\count324
\tabu@alloc=\count325
\tabu@nested=\count326
\tabu@target=\dimen196
\tabu@spreadtarget=\dimen197
\tabu@naturalX=\dimen198
\tabucolX=\dimen199
\tabu@Xsum=\dimen256
\extrarowdepth=\dimen257
\abovetabulinesep=\dimen258
\belowtabulinesep=\dimen259
\tabustrutrule=\dimen260
\tabu@thebody=\toks34
\tabu@footnotes=\toks35
\tabu@box=\box68
\tabu@arstrutbox=\box69
\tabu@hleads=\box70
\tabu@vleads=\box71
\tabu@cellskip=\skip70
) (c:/Users/danthomp/AppData/Roaming/TinyTeX/texmf-dist/tex/latex/threeparttable/threeparttable.sty
Package: threeparttable 2003/06/13  v 3.0
\@tempboxb=\box72
) (c:/Users/danthomp/AppData/Roaming/TinyTeX/texmf-dist/tex/latex/threeparttablex/threeparttablex.sty
Package: threeparttablex 2013/07/23 v0.3 by daleif
(c:/Users/danthomp/AppData/Roaming/TinyTeX/texmf-dist/tex/latex/environ/environ.sty
Package: environ 2014/05/04 v0.3 A new way to define environments
(c:/Users/danthomp/AppData/Roaming/TinyTeX/texmf-dist/tex/latex/trimspaces/trimspaces.sty
Package: trimspaces 2009/09/17 v1.1 Trim spaces around a token list
))
\TPTL@width=\skip71
) (c:/Users/danthomp/AppData/Roaming/TinyTeX/texmf-dist/tex/generic/ulem/ulem.sty
\UL@box=\box73
\UL@hyphenbox=\box74
\UL@skip=\skip72
\UL@hook=\toks36
\UL@height=\dimen261
\UL@pe=\count327
\UL@pixel=\dimen262
\ULC@box=\box75
Package: ulem 2019/11/18
\ULdepth=\dimen263
) (c:/Users/danthomp/AppData/Roaming/TinyTeX/texmf-dist/tex/latex/makecell/makecell.sty
Package: makecell 2009/08/03 V0.1e Managing of Tab Column Heads and Cells
\rotheadsize=\dimen264
\c@nlinenum=\count328
\TeXr@lab=\toks37
) (c:/Users/danthomp/AppData/Roaming/TinyTeX/texmf-dist/tex/latex/bookmark/bookmark.sty
Package: bookmark 2023-12-10 v1.31 PDF bookmarks (HO)
(c:/Users/danthomp/AppData/Roaming/TinyTeX/texmf-dist/tex/latex/hyperref/hyperref.sty
Package: hyperref 2025-05-20 v7.01m Hypertext links for LaTeX
(c:/Users/danthomp/AppData/Roaming/TinyTeX/texmf-dist/tex/latex/kvsetkeys/kvsetkeys.sty
Package: kvsetkeys 2022-10-05 v1.19 Key value parser (HO)
=======
(c:/Users/danthomp/AppData/Roaming/TinyTeX/texmf-dist/tex/latex/graphics-def/pdftex.def
File: pdftex.def 2024/04/13 v1.2c Graphics/color driver for pdftex
))
\Gin@req@height=\dimen161
\Gin@req@width=\dimen162
) (c:/Users/danthomp/AppData/Roaming/TinyTeX/texmf-dist/tex/latex/graphics/color.sty
Package: color 2025/01/14 v1.3e Standard LaTeX Color (DPC)
(c:/Users/danthomp/AppData/Roaming/TinyTeX/texmf-dist/tex/latex/graphics-cfg/color.cfg
File: color.cfg 2016/01/02 v1.6 sample color configuration
)
Package color Info: Driver file: pdftex.def on input line 149.
(c:/Users/danthomp/AppData/Roaming/TinyTeX/texmf-dist/tex/latex/graphics/mathcolor.ltx)) (c:/Users/danthomp/AppData/Roaming/TinyTeX/texmf-dist/tex/latex/amsfonts/amssymb.sty
Package: amssymb 2013/01/14 v3.01 AMS font symbols
(c:/Users/danthomp/AppData/Roaming/TinyTeX/texmf-dist/tex/latex/amsfonts/amsfonts.sty
Package: amsfonts 2013/01/14 v3.01 Basic AMSFonts support
\@emptytoks=\toks23
\symAMSa=\mathgroup4
\symAMSb=\mathgroup5
LaTeX Font Info:    Redeclaring math symbol \hbar on input line 98.
LaTeX Font Info:    Overwriting math alphabet `\mathfrak' in version `bold'
(Font)                  U/euf/m/n --> U/euf/b/n on input line 106.
)) (c:/Users/danthomp/AppData/Roaming/TinyTeX/texmf-dist/tex/latex/amsmath/amsmath.sty
Package: amsmath 2025/05/18 v2.17x AMS math features
\@mathmargin=\skip57
For additional information on amsmath, use the `?' option.
(c:/Users/danthomp/AppData/Roaming/TinyTeX/texmf-dist/tex/latex/amsmath/amstext.sty
Package: amstext 2024/11/17 v2.01 AMS text
(c:/Users/danthomp/AppData/Roaming/TinyTeX/texmf-dist/tex/latex/amsmath/amsgen.sty
File: amsgen.sty 1999/11/30 v2.0 generic functions
\@emptytoks=\toks24
\ex@=\dimen163
)) (c:/Users/danthomp/AppData/Roaming/TinyTeX/texmf-dist/tex/latex/amsmath/amsbsy.sty
Package: amsbsy 1999/11/29 v1.2d Bold Symbols
\pmbraise@=\dimen164
) (c:/Users/danthomp/AppData/Roaming/TinyTeX/texmf-dist/tex/latex/amsmath/amsopn.sty
Package: amsopn 2022/04/08 v2.04 operator names
)
\inf@bad=\count288
LaTeX Info: Redefining \frac on input line 233.
\uproot@=\count289
\leftroot@=\count290
LaTeX Info: Redefining \overline on input line 398.
LaTeX Info: Redefining \colon on input line 409.
\classnum@=\count291
\DOTSCASE@=\count292
LaTeX Info: Redefining \ldots on input line 495.
LaTeX Info: Redefining \dots on input line 498.
LaTeX Info: Redefining \cdots on input line 619.
\Mathstrutbox@=\box59
\strutbox@=\box60
LaTeX Info: Redefining \big on input line 721.
LaTeX Info: Redefining \Big on input line 722.
LaTeX Info: Redefining \bigg on input line 723.
LaTeX Info: Redefining \Bigg on input line 724.
\big@size=\dimen165
LaTeX Font Info:    Redeclaring font encoding OML on input line 742.
LaTeX Font Info:    Redeclaring font encoding OMS on input line 743.
\macc@depth=\count293
LaTeX Info: Redefining \bmod on input line 904.
LaTeX Info: Redefining \pmod on input line 909.
LaTeX Info: Redefining \smash on input line 939.
LaTeX Info: Redefining \relbar on input line 969.
LaTeX Info: Redefining \Relbar on input line 970.
\c@MaxMatrixCols=\count294
\dotsspace@=\muskip17
\c@parentequation=\count295
\dspbrk@lvl=\count296
\tag@help=\toks25
\row@=\count297
\column@=\count298
\maxfields@=\count299
\andhelp@=\toks26
\eqnshift@=\dimen166
\alignsep@=\dimen167
\tagshift@=\dimen168
\tagwidth@=\dimen169
\totwidth@=\dimen170
\lineht@=\dimen171
\@envbody=\toks27
\multlinegap=\skip58
\multlinetaggap=\skip59
\mathdisplay@stack=\toks28
LaTeX Info: Redefining \[ on input line 2949.
LaTeX Info: Redefining \] on input line 2950.
) (c:/Users/danthomp/AppData/Roaming/TinyTeX/texmf-dist/tex/latex/amscls/amsthm.sty
Package: amsthm 2020/05/29 v2.20.6
\thm@style=\toks29
\thm@bodyfont=\toks30
\thm@headfont=\toks31
\thm@notefont=\toks32
\thm@headpunct=\toks33
\thm@preskip=\skip60
\thm@postskip=\skip61
\thm@headsep=\skip62
\dth@everypar=\toks34
)
\affilsep=\skip63
\@affilsep=\skip64
\c@Maxaffil=\count300
\c@authors=\count301
\c@affil=\count302
\c@authnum=\count303
(c:/Users/danthomp/AppData/Roaming/TinyTeX/texmf-dist/tex/latex/url/url.sty
\Urlmuskip=\muskip18
Package: url 2013/09/16  ver 3.4  Verb mode for urls, etc.
)

Class copernicus Warning: Cannot find accents.sty; proceeding without it.


Class copernicus Warning: Cannot find cancel.sty; proceeding without it.

(c:/Users/danthomp/AppData/Roaming/TinyTeX/texmf-dist/tex/latex/multirow/multirow.sty
Package: multirow 2024/11/12 v2.9 Span multiple rows of a table
\multirow@colwidth=\skip65
\multirow@cntb=\count304
\multirow@dima=\skip66
\bigstrutjot=\dimen172
)

Class copernicus Warning: Cannot find supertabular.sty; proceeding without it.

(c:/Users/danthomp/AppData/Roaming/TinyTeX/texmf-dist/tex/latex/algorithms/algorithmic.sty
Package: algorithmic 2009/08/24 v0.1 Document Style `algorithmic'
(c:/Users/danthomp/AppData/Roaming/TinyTeX/texmf-dist/tex/latex/base/ifthen.sty
Package: ifthen 2024/03/16 v1.1e Standard LaTeX ifthen package (DPC)
)
\c@ALC@unique=\count305
\c@ALC@line=\count306
\c@ALC@rem=\count307
\c@ALC@depth=\count308
\ALC@tlm=\skip67
\algorithmicindent=\skip68
) (c:/Users/danthomp/AppData/Roaming/TinyTeX/texmf-dist/tex/latex/algorithms/algorithm.sty
Package: algorithm 2009/08/24 v0.1 Document Style `algorithm' - floating environment
(c:/Users/danthomp/AppData/Roaming/TinyTeX/texmf-dist/tex/latex/float/float.sty
Package: float 2001/11/08 v1.3d Float enhancements (AL)
\c@float@type=\count309
\float@exts=\toks35
\float@box=\box61
\@float@everytoks=\toks36
\@floatcapt=\box62
)
\@float@every@algorithm=\toks37
\c@algorithm=\count310
)
\c@figscheme=\count311
\c@plates=\count312
\c@listings=\count313
\c@boxes=\count314
(c:/Users/danthomp/AppData/Roaming/TinyTeX/texmf-dist/tex/latex/caption/caption.sty
Package: caption 2023/08/05 v3.6o Customizing captions (AR)
(c:/Users/danthomp/AppData/Roaming/TinyTeX/texmf-dist/tex/latex/caption/caption3.sty
Package: caption3 2023/07/31 v2.4d caption3 kernel (AR)
\caption@tempdima=\dimen173
\captionmargin=\dimen174
\caption@leftmargin=\dimen175
\caption@rightmargin=\dimen176
\caption@width=\dimen177
\caption@indent=\dimen178
\caption@parindent=\dimen179
\caption@hangindent=\dimen180
Package caption Info: Unknown document class (or package),
(caption)             standard defaults will be used.
Package caption Info: \@makecaption = \long macro:#1#2->\def \@tempa {figure}\ifx \@captype \@tempa \if@stage@final \vskip 0.7\abovecaptionskip \else \vskip \abovecaptionskip \goodbreak \fi \fi {\let \in@caption \relax \reset@font \small {\bfseries #1.} #2\par }\if@cop@home \ifonline \ifnum \csname c@\@captype \endcsname =1 \immediate \write \@auxout {\string \gdef \string \@num \@captype {}}\hypertarget {\@captype }{}\fi \fi \fi \def \@tempa {table}\ifx \@captype \@tempa \vskip \abovecaptionskip \if@stage@final \else \goodbreak \fi \fi  on input line 1175.
)

Package caption Warning: Unknown document class (or package),
(caption)                standard defaults will be used.
See the caption package documentation for explanation.

\c@caption@flags=\count315
\c@continuedfloat=\count316
Package caption Info: float package is loaded.
) (c:/Users/danthomp/AppData/Roaming/TinyTeX/texmf-dist/tex/latex/listings/listings.sty
\lst@mode=\count317
\lst@gtempboxa=\box63
\lst@token=\toks38
\lst@length=\count318
\lst@currlwidth=\dimen181
\lst@column=\count319
\lst@pos=\count320
\lst@lostspace=\dimen182
\lst@width=\dimen183
\lst@newlines=\count321
\lst@lineno=\count322
\lst@maxwidth=\dimen184
(c:/Users/danthomp/AppData/Roaming/TinyTeX/texmf-dist/tex/latex/listings/lstpatch.sty
File: lstpatch.sty 2024/09/23 1.10c (Carsten Heinz)
) (c:/Users/danthomp/AppData/Roaming/TinyTeX/texmf-dist/tex/latex/listings/lstmisc.sty
File: lstmisc.sty 2024/09/23 1.10c (Carsten Heinz)
\c@lstnumber=\count323
\lst@skipnumbers=\count324
\lst@framebox=\box64
) (c:/Users/danthomp/AppData/Roaming/TinyTeX/texmf-dist/tex/latex/listings/listings.cfg
File: listings.cfg 2024/09/23 1.10c listings configuration
))
Package: listings 2024/09/23 1.10c (Carsten Heinz)
\listingnumwidth=\dimen185

Class copernicus Warning: Cannot find subfloat.sty; proceeding without it.

(c:/Users/danthomp/AppData/Roaming/TinyTeX/texmf-dist/tex/latex/natbib/natbib.sty
Package: natbib 2010/09/13 8.31b (PWD, AO)
\bibhang=\skip69
\bibsep=\skip70
LaTeX Info: Redefining \cite on input line 694.
\c@NAT@ctr=\count325
) (c:/Users/danthomp/AppData/Roaming/TinyTeX/texmf-dist/tex/latex/graphics/rotating.sty
Package: rotating 2025/01/14 v2.16e rotated objects in LaTeX
\c@r@tfl@t=\count326
\rotFPtop=\skip71
\rotFPbot=\skip72
\rot@float@box=\box65
\rot@mess@toks=\toks39
) (c:/Users/danthomp/AppData/Roaming/TinyTeX/texmf-dist/tex/latex/lineno/lineno.sty
Package: lineno 2025/05/13 line numbers on paragraphs v5.5
(c:/Users/danthomp/AppData/Roaming/TinyTeX/texmf-dist/tex/latex/etoolbox/etoolbox.sty
Package: etoolbox 2025/02/11 v2.5l e-TeX tools for LaTeX (JAW)
\etb@tempcnta=\count327
) (c:/Users/danthomp/AppData/Roaming/TinyTeX/texmf-dist/tex/latex/kvoptions/kvoptions.sty
Package: kvoptions 2022-06-15 v3.15 Key value format for package options (HO)
(c:/Users/danthomp/AppData/Roaming/TinyTeX/texmf-dist/tex/generic/ltxcmds/ltxcmds.sty
Package: ltxcmds 2023-12-04 v1.26 LaTeX kernel commands for general use (HO)
) (c:/Users/danthomp/AppData/Roaming/TinyTeX/texmf-dist/tex/latex/kvsetkeys/kvsetkeys.sty
Package: kvsetkeys 2022-10-05 v1.19 Key value parser (HO)
))
\linenopenalty=\count328
\output=\toks40
\linenoprevgraf=\count329
\linenumbersep=\dimen186
\linenumberwidth=\dimen187
\c@linenumber=\count330
\c@pagewiselinenumber=\count331
\c@LN@truepage=\count332
\c@internallinenumber=\count333
\c@internallinenumbers=\count334
\quotelinenumbersep=\dimen188
\bframerule=\dimen189
\bframesep=\dimen190
\bframebox=\box66
\@LN@amsmath@ams@eqpen=\count335
) (c:/Users/danthomp/AppData/Roaming/TinyTeX/texmf-dist/tex/latex/psnfss/times.sty
Package: times 2020/03/25 PSNFSS-v9.3 (SPQR) 
) (c:/Users/danthomp/AppData/Roaming/TinyTeX/texmf-dist/tex/latex/psnfss/pifont.sty
Package: pifont 2020/03/25 PSNFSS-v9.3 Pi font support (SPQR) 
LaTeX Font Info:    Trying to load font information for U+pzd on input line 63.
(c:/Users/danthomp/AppData/Roaming/TinyTeX/texmf-dist/tex/latex/psnfss/upzd.fd
File: upzd.fd 2001/06/04 font definitions for U/pzd.
)
LaTeX Font Info:    Trying to load font information for U+psy on input line 64.
(c:/Users/danthomp/AppData/Roaming/TinyTeX/texmf-dist/tex/latex/psnfss/upsy.fd
File: upsy.fd 2001/06/04 font definitions for U/psy.
)) (c:/Users/danthomp/AppData/Roaming/TinyTeX/texmf-dist/tex/latex/hyperref/hyperref.sty
Package: hyperref 2025-05-20 v7.01m Hypertext links for LaTeX
(c:/Users/danthomp/AppData/Roaming/TinyTeX/texmf-dist/tex/generic/iftex/iftex.sty
Package: iftex 2024/12/12 v1.0g TeX engine tests
>>>>>>> 87fc2e8f35135b39fdf2a1906812608d49e01bd6
) (c:/Users/danthomp/AppData/Roaming/TinyTeX/texmf-dist/tex/generic/kvdefinekeys/kvdefinekeys.sty
Package: kvdefinekeys 2019-12-19 v1.6 Define keys (HO)
) (c:/Users/danthomp/AppData/Roaming/TinyTeX/texmf-dist/tex/generic/pdfescape/pdfescape.sty
Package: pdfescape 2019/12/09 v1.15 Implements pdfTeX's escape features (HO)
(c:/Users/danthomp/AppData/Roaming/TinyTeX/texmf-dist/tex/generic/ltxcmds/ltxcmds.sty
Package: ltxcmds 2023-12-04 v1.26 LaTeX kernel commands for general use (HO)
) (c:/Users/danthomp/AppData/Roaming/TinyTeX/texmf-dist/tex/generic/pdftexcmds/pdftexcmds.sty
Package: pdftexcmds 2020-06-27 v0.33 Utility functions of pdfTeX for LuaTeX (HO)
(c:/Users/danthomp/AppData/Roaming/TinyTeX/texmf-dist/tex/generic/infwarerr/infwarerr.sty
Package: infwarerr 2019/12/03 v1.5 Providing info/warning/error messages (HO)
)
Package pdftexcmds Info: \pdf@primitive is available.
Package pdftexcmds Info: \pdf@ifprimitive is available.
Package pdftexcmds Info: \pdfdraftmode found.
)) (c:/Users/danthomp/AppData/Roaming/TinyTeX/texmf-dist/tex/latex/hycolor/hycolor.sty
Package: hycolor 2020-01-27 v1.10 Color options for hyperref/bookmark (HO)
) (c:/Users/danthomp/AppData/Roaming/TinyTeX/texmf-dist/tex/latex/hyperref/nameref.sty
Package: nameref 2023-11-26 v2.56 Cross-referencing by name of section
(c:/Users/danthomp/AppData/Roaming/TinyTeX/texmf-dist/tex/latex/refcount/refcount.sty
Package: refcount 2019/12/15 v3.6 Data extraction from label references (HO)
) (c:/Users/danthomp/AppData/Roaming/TinyTeX/texmf-dist/tex/generic/gettitlestring/gettitlestring.sty
Package: gettitlestring 2019/12/15 v1.6 Cleanup title references (HO)
<<<<<<< HEAD
(c:/Users/danthomp/AppData/Roaming/TinyTeX/texmf-dist/tex/latex/kvoptions/kvoptions.sty
Package: kvoptions 2022-06-15 v3.15 Key value format for package options (HO)
))
\c@section@level=\count329
) (c:/Users/danthomp/AppData/Roaming/TinyTeX/texmf-dist/tex/generic/stringenc/stringenc.sty
Package: stringenc 2019/11/29 v1.12 Convert strings between diff. encodings (HO)
)
\@linkdim=\dimen265
\Hy@linkcounter=\count330
\Hy@pagecounter=\count331
=======
)
\c@section@level=\count336
) (c:/Users/danthomp/AppData/Roaming/TinyTeX/texmf-dist/tex/generic/stringenc/stringenc.sty
Package: stringenc 2019/11/29 v1.12 Convert strings between diff. encodings (HO)
)
\@linkdim=\dimen191
\Hy@linkcounter=\count337
\Hy@pagecounter=\count338
>>>>>>> 87fc2e8f35135b39fdf2a1906812608d49e01bd6
(c:/Users/danthomp/AppData/Roaming/TinyTeX/texmf-dist/tex/latex/hyperref/pd1enc.def
File: pd1enc.def 2025-05-20 v7.01m Hyperref: PDFDocEncoding definition (HO)
Now handling font encoding PD1 ...
... no UTF-8 mapping file for font encoding PD1
) (c:/Users/danthomp/AppData/Roaming/TinyTeX/texmf-dist/tex/generic/intcalc/intcalc.sty
Package: intcalc 2019/12/15 v1.3 Expandable calculations with integers (HO)
)
<<<<<<< HEAD
\Hy@SavedSpaceFactor=\count332
=======
\Hy@SavedSpaceFactor=\count339
>>>>>>> 87fc2e8f35135b39fdf2a1906812608d49e01bd6
(c:/Users/danthomp/AppData/Roaming/TinyTeX/texmf-dist/tex/latex/hyperref/puenc.def
File: puenc.def 2025-05-20 v7.01m Hyperref: PDF Unicode definition (HO)
Now handling font encoding PU ...
... no UTF-8 mapping file for font encoding PU
)
Package hyperref Info: Option `unicode' set `true' on input line 4040.
Package hyperref Info: Hyper figures OFF on input line 4157.
Package hyperref Info: Link nesting OFF on input line 4162.
Package hyperref Info: Hyper index ON on input line 4165.
Package hyperref Info: Plain pages OFF on input line 4172.
Package hyperref Info: Backreferencing OFF on input line 4177.
Package hyperref Info: Implicit mode ON; LaTeX internals redefined.
<<<<<<< HEAD
Package hyperref Info: Bookmarks ON on input line 4424.
\c@Hy@tempcnt=\count333
(c:/Users/danthomp/AppData/Roaming/TinyTeX/texmf-dist/tex/latex/url/url.sty
\Urlmuskip=\muskip18
Package: url 2013/09/16  ver 3.4  Verb mode for urls, etc.
)
LaTeX Info: Redefining \url on input line 4763.
\XeTeXLinkMargin=\dimen266
=======
Package hyperref Info: Bookmarks OFF on input line 4430.
\c@Hy@tempcnt=\count340
LaTeX Info: Redefining \url on input line 4763.
\XeTeXLinkMargin=\dimen192
>>>>>>> 87fc2e8f35135b39fdf2a1906812608d49e01bd6
(c:/Users/danthomp/AppData/Roaming/TinyTeX/texmf-dist/tex/generic/bitset/bitset.sty
Package: bitset 2019/12/09 v1.3 Handle bit-vector datatype (HO)
(c:/Users/danthomp/AppData/Roaming/TinyTeX/texmf-dist/tex/generic/bigintcalc/bigintcalc.sty
Package: bigintcalc 2019/12/15 v1.5 Expandable calculations on big integers (HO)
))
<<<<<<< HEAD
\Fld@menulength=\count334
\Field@Width=\dimen267
\Fld@charsize=\dimen268
=======
\Fld@menulength=\count341
\Field@Width=\dimen193
\Fld@charsize=\dimen194
>>>>>>> 87fc2e8f35135b39fdf2a1906812608d49e01bd6
Package hyperref Info: Hyper figures OFF on input line 6042.
Package hyperref Info: Link nesting OFF on input line 6047.
Package hyperref Info: Hyper index ON on input line 6050.
Package hyperref Info: backreferencing OFF on input line 6057.
Package hyperref Info: Link coloring OFF on input line 6062.
Package hyperref Info: Link coloring with OCG OFF on input line 6067.
Package hyperref Info: PDF/A mode OFF on input line 6072.
(c:/Users/danthomp/AppData/Roaming/TinyTeX/texmf-dist/tex/latex/base/atbegshi-ltx.sty
Package: atbegshi-ltx 2021/01/10 v1.0c Emulation of the original atbegshi
package with kernel methods
)
<<<<<<< HEAD
\Hy@abspage=\count335
\c@Item=\count336
\c@Hfootnote=\count337
=======
\Hy@abspage=\count342
\c@Item=\count343
\c@Hfootnote=\count344
>>>>>>> 87fc2e8f35135b39fdf2a1906812608d49e01bd6
)
Package hyperref Info: Driver (autodetected): hpdftex.
(c:/Users/danthomp/AppData/Roaming/TinyTeX/texmf-dist/tex/latex/hyperref/hpdftex.def
File: hpdftex.def 2025-05-20 v7.01m Hyperref driver for pdfTeX
<<<<<<< HEAD
\Fld@listcount=\count338
\c@bookmark@seq@number=\count339
=======
\Fld@listcount=\count345
\c@bookmark@seq@number=\count346
>>>>>>> 87fc2e8f35135b39fdf2a1906812608d49e01bd6
(c:/Users/danthomp/AppData/Roaming/TinyTeX/texmf-dist/tex/latex/rerunfilecheck/rerunfilecheck.sty
Package: rerunfilecheck 2022-07-10 v1.10 Rerun checks for auxiliary files (HO)
(c:/Users/danthomp/AppData/Roaming/TinyTeX/texmf-dist/tex/latex/base/atveryend-ltx.sty
Package: atveryend-ltx 2020/08/19 v1.0a Emulation of the original atveryend package
with kernel methods
) (c:/Users/danthomp/AppData/Roaming/TinyTeX/texmf-dist/tex/generic/uniquecounter/uniquecounter.sty
Package: uniquecounter 2019/12/15 v1.4 Provide unlimited unique counter (HO)
)
Package uniquecounter Info: New unique counter `rerunfilecheck' on input line 285.
)
\Hy@SectionHShift=\skip73
<<<<<<< HEAD
) (c:/Users/danthomp/AppData/Roaming/TinyTeX/texmf-dist/tex/latex/bookmark/bkm-pdftex.def
File: bkm-pdftex.def 2023-12-10 v1.31 bookmark driver for pdfTeX and luaTeX (HO)
\BKM@id=\count340
))
LaTeX Font Info:    Trying to load font information for T1+lmr on input line 161.
(c:/Users/danthomp/AppData/Roaming/TinyTeX/texmf-dist/tex/latex/lm/t1lmr.fd
File: t1lmr.fd 2015/05/01 v1.6.1 Font defs for Latin Modern
) (c:/Users/danthomp/AppData/Roaming/TinyTeX/texmf-dist/tex/latex/l3backend/l3backend-pdftex.def
File: l3backend-pdftex.def 2025-04-14 L3 backend support: PDF output (pdfTeX)
\l__color_backend_stack_int=\count341
) (./GMD-Thompson-et-al.aux

LaTeX Warning: Label `tab:PoolSizeByRU' multiply defined.


LaTeX Warning: Label `tab:example-DM-tables' multiply defined.


LaTeX Warning: Label `tab:example-DM-tables' multiply defined.


LaTeX Warning: Label `tab:example-DM-tables' multiply defined.

)
=======
)
\c@reaction=\count347
\tabularwidth=\dimen195
Package color Info: Redefining color textcol on input line 2754.
Package color Info: Redefining color bgcol on input line 2755.
Package color Info: Redefining color barcol on input line 2756.
)
LaTeX Info: Redefining \vec on input line 14.
(c:/Users/danthomp/AppData/Roaming/TinyTeX/texmf-dist/tex/latex/tools/longtable.sty
Package: longtable 2024-12-18 v4.23 Multi-page Table package (DPC)
\LTleft=\skip74
\LTright=\skip75
\LTpre=\skip76
\LTpost=\skip77
\LTchunksize=\count348
\LTcapwidth=\dimen196
\LT@head=\box67
\LT@firsthead=\box68
\LT@foot=\box69
\LT@lastfoot=\box70
\LT@gbox=\box71
\LT@cols=\count349
\LT@rows=\count350
\c@LT@tables=\count351
\c@LT@chunks=\count352
\LT@p@ftn=\toks41
) (c:/Users/danthomp/AppData/Roaming/TinyTeX/texmf-dist/tex/latex/wrapfig/wrapfig.sty
\wrapoverhang=\dimen197
\WF@size=\dimen198
\c@WF@wrappedlines=\count353
\WF@box=\box72
\WF@everypar=\toks42
Package: wrapfig 2003/01/31  v 3.6
) (c:/Users/danthomp/AppData/Roaming/TinyTeX/texmf-dist/tex/latex/colortbl/colortbl.sty
Package: colortbl 2024/10/29 v1.0k Color table columns (DPC)
\everycr=\toks43
\minrowclearance=\skip78
\rownum=\count354
) (c:/Users/danthomp/AppData/Roaming/TinyTeX/texmf-dist/tex/latex/pdflscape/pdflscape.sty
Package: pdflscape 2022-10-27 v0.13 Display of landscape pages in PDF
(c:/Users/danthomp/AppData/Roaming/TinyTeX/texmf-dist/tex/latex/pdflscape/pdflscape-nometadata.sty
Package: pdflscape-nometadata 2022-10-28 v0.13 Display of landscape pages in PDF (HO)
(c:/Users/danthomp/AppData/Roaming/TinyTeX/texmf-dist/tex/latex/graphics/lscape.sty
Package: lscape 2020/05/28 v3.02 Landscape Pages (DPC)
)
Package pdflscape Info: Auto-detected driver: pdftex on input line 81.
)) (c:/Users/danthomp/AppData/Roaming/TinyTeX/texmf-dist/tex/latex/tabu/tabu.sty
Package: tabu 2019/01/11 v2.9 - flexible LaTeX tabulars (FC+tabu-fixed)
(c:/Users/danthomp/AppData/Roaming/TinyTeX/texmf-dist/tex/latex/varwidth/varwidth.sty
Package: varwidth 2009/03/30 ver 0.92;  Variable-width minipages
\@vwid@box=\box73
\sift@deathcycles=\count355
\@vwid@loff=\dimen199
\@vwid@roff=\dimen256
)
==> First Aid for varwidth.sty applied!
\c@taburow=\count356
\tabu@nbcols=\count357
\tabu@cnt=\count358
\tabu@Xcol=\count359
\tabu@alloc=\count360
\tabu@nested=\count361
\tabu@target=\dimen257
\tabu@spreadtarget=\dimen258
\tabu@naturalX=\dimen259
\tabucolX=\dimen260
\tabu@Xsum=\dimen261
\extrarowdepth=\dimen262
\abovetabulinesep=\dimen263
\belowtabulinesep=\dimen264
\tabustrutrule=\dimen265
\tabu@thebody=\toks44
\tabu@footnotes=\toks45
\tabu@box=\box74
\tabu@arstrutbox=\box75
\tabu@hleads=\box76
\tabu@vleads=\box77
\tabu@cellskip=\skip79
) (c:/Users/danthomp/AppData/Roaming/TinyTeX/texmf-dist/tex/latex/threeparttable/threeparttable.sty
Package: threeparttable 2003/06/13  v 3.0
\@tempboxb=\box78
) (c:/Users/danthomp/AppData/Roaming/TinyTeX/texmf-dist/tex/latex/threeparttablex/threeparttablex.sty
Package: threeparttablex 2013/07/23 v0.3 by daleif
(c:/Users/danthomp/AppData/Roaming/TinyTeX/texmf-dist/tex/latex/environ/environ.sty
Package: environ 2014/05/04 v0.3 A new way to define environments
(c:/Users/danthomp/AppData/Roaming/TinyTeX/texmf-dist/tex/latex/trimspaces/trimspaces.sty
Package: trimspaces 2009/09/17 v1.1 Trim spaces around a token list
))
\TPTL@width=\skip80
) (c:/Users/danthomp/AppData/Roaming/TinyTeX/texmf-dist/tex/latex/makecell/makecell.sty
Package: makecell 2009/08/03 V0.1e Managing of Tab Column Heads and Cells
\rotheadsize=\dimen266
\c@nlinenum=\count362
\TeXr@lab=\toks46
) (c:/Users/danthomp/AppData/Roaming/TinyTeX/texmf-dist/tex/latex/xcolor/xcolor.sty
Package: xcolor 2024/09/29 v3.02 LaTeX color extensions (UK)
(c:/Users/danthomp/AppData/Roaming/TinyTeX/texmf-dist/tex/latex/graphics-cfg/color.cfg
File: color.cfg 2016/01/02 v1.6 sample color configuration
)
Package xcolor Info: Driver file: pdftex.def on input line 274.
LaTeX Info: Redefining \color on input line 762.
(c:/Users/danthomp/AppData/Roaming/TinyTeX/texmf-dist/tex/latex/graphics/mathcolor.ltx)
Package xcolor Info: Model `cmy' substituted by `cmy0' on input line 1349.
Package xcolor Info: Model `hsb' substituted by `rgb' on input line 1353.
Package xcolor Info: Model `RGB' extended on input line 1365.
Package xcolor Info: Model `HTML' substituted by `rgb' on input line 1367.
Package xcolor Info: Model `Hsb' substituted by `hsb' on input line 1368.
Package xcolor Info: Model `tHsb' substituted by `hsb' on input line 1369.
Package xcolor Info: Model `HSB' substituted by `hsb' on input line 1370.
Package xcolor Info: Model `Gray' substituted by `gray' on input line 1371.
Package xcolor Info: Model `wave' substituted by `hsb' on input line 1372.
)
LaTeX Font Info:    Trying to load font information for T1+ptm on input line 103.
(c:/Users/danthomp/AppData/Roaming/TinyTeX/texmf-dist/tex/latex/psnfss/t1ptm.fd
File: t1ptm.fd 2001/06/04 font definitions for T1/ptm.
) (./GMD-Thompson-et-al.aux

LaTeX Warning: Label `fig:Fig-CBI-ecozones-map' multiply defined.


LaTeX Warning: Label `tab:PoolSizeByRU' multiply defined.


LaTeX Warning: Label `tab:example-DM-tables' multiply defined.


LaTeX Warning: Label `tab:example-DM-tables' multiply defined.


LaTeX Warning: Label `tab:example-DM-tables' multiply defined.

)
>>>>>>> 87fc2e8f35135b39fdf2a1906812608d49e01bd6
\openout1 = `GMD-Thompson-et-al.aux'.

LaTeX Font Info:    Checking defaults for OML/cmm/m/it on input line 161.
LaTeX Font Info:    ... okay on input line 161.
LaTeX Font Info:    Checking defaults for OMS/cmsy/m/n on input line 161.
LaTeX Font Info:    ... okay on input line 161.
LaTeX Font Info:    Checking defaults for OT1/cmr/m/n on input line 161.
LaTeX Font Info:    ... okay on input line 161.
LaTeX Font Info:    Checking defaults for T1/cmr/m/n on input line 161.
LaTeX Font Info:    ... okay on input line 161.
LaTeX Font Info:    Checking defaults for TS1/cmr/m/n on input line 161.
LaTeX Font Info:    ... okay on input line 161.
LaTeX Font Info:    Checking defaults for OMX/cmex/m/n on input line 161.
LaTeX Font Info:    ... okay on input line 161.
LaTeX Font Info:    Checking defaults for U/cmr/m/n on input line 161.
LaTeX Font Info:    ... okay on input line 161.
LaTeX Font Info:    Checking defaults for PD1/pdf/m/n on input line 161.
LaTeX Font Info:    ... okay on input line 161.
LaTeX Font Info:    Checking defaults for PU/pdf/m/n on input line 161.
LaTeX Font Info:    ... okay on input line 161.
Package microtype Info: Patching varwidth to enable character protrusion.
\MT@vwid@leftmargin=\dimen269
\MT@vwid@rightmargin=\dimen270
LaTeX Info: Redefining \microtypecontext on input line 161.
Package microtype Info: Applying patch `item' on input line 161.
Package microtype Info: Applying patch `toc' on input line 161.
Package microtype Info: Applying patch `eqnum' on input line 161.
Package microtype Info: Applying patch `footnote' on input line 161.
Package microtype Info: Applying patch `verbatim' on input line 161.
LaTeX Info: Redefining \microtypesetup on input line 161.
Package microtype Info: Generating PDF output.
Package microtype Info: Character protrusion enabled (level 2).
Package microtype Info: Using protrusion set `basicmath'.
Package microtype Info: Automatic font expansion enabled (level 2),
(microtype)             stretch: 20, shrink: 20, step: 1, non-selected.
Package microtype Info: Using default expansion set `alltext-nott'.

LaTeX Warning: Command \showhyphens   has changed.
               Check if current package is valid.

LaTeX Info: Redefining \showhyphens on input line 161.
Package microtype Info: No adjustment of tracking.
Package microtype Info: No adjustment of interword spacing.
Package microtype Info: No adjustment of character kerning.
(c:/Users/danthomp/AppData/Roaming/TinyTeX/texmf-dist/tex/latex/microtype/mt-cmr.cfg
File: mt-cmr.cfg 2013/05/19 v2.2 microtype config. file: Computer Modern Roman (RS)
) (c:/Users/danthomp/AppData/Roaming/TinyTeX/texmf-dist/tex/latex/epstopdf-pkg/epstopdf-base.sty
Package: epstopdf-base 2020-01-24 v2.11 Base part for package epstopdf
Package epstopdf-base Info: Redefining graphics rule for `.eps' on input line 485.
(c:/Users/danthomp/AppData/Roaming/TinyTeX/texmf-dist/tex/latex/latexconfig/epstopdf-sys.cfg
File: epstopdf-sys.cfg 2010/07/13 v1.3 Configuration of (r)epstopdf for TeX Live
))
*geometry* driver: auto-detecting
*geometry* detected driver: pdftex
*geometry* verbose mode - [ preamble ] result:
* driver: pdftex
* paper: <default>
* layout: <same size as paper>
* layoutoffset:(h,v)=(0.0pt,0.0pt)
* modes: 
* h-part:(L,W,R)=(72.26999pt, 469.75502pt, 72.26999pt)
* v-part:(T,H,B)=(72.26999pt, 650.43001pt, 72.26999pt)
* \paperwidth=614.295pt
* \paperheight=794.96999pt
* \textwidth=469.75502pt
* \textheight=650.43001pt
* \oddsidemargin=0.0pt
* \evensidemargin=0.0pt
* \topmargin=-37.0pt
* \headheight=12.0pt
* \headsep=25.0pt
* \topskip=10.0pt
* \footskip=30.0pt
* \marginparwidth=65.0pt
* \marginparsep=11.0pt
* \columnsep=10.0pt
* \skip\footins=9.0pt plus 4.0pt minus 2.0pt
* \hoffset=0.0pt
* \voffset=0.0pt
* \mag=1000
* \@twocolumnfalse
* \@twosidefalse
* \@mparswitchfalse
* \@reversemarginfalse
* (1in=72.27pt=25.4mm, 1cm=28.453pt)

Package hyperref Info: Link coloring OFF on input line 161.
LaTeX Font Info:    Trying to load font information for OT1+lmr on input line 163.
(c:/Users/danthomp/AppData/Roaming/TinyTeX/texmf-dist/tex/latex/lm/ot1lmr.fd
File: ot1lmr.fd 2015/05/01 v1.6.1 Font defs for Latin Modern
)
<<<<<<< HEAD
LaTeX Font Info:    Trying to load font information for OML+lmm on input line 163.
(c:/Users/danthomp/AppData/Roaming/TinyTeX/texmf-dist/tex/latex/lm/omllmm.fd
File: omllmm.fd 2015/05/01 v1.6.1 Font defs for Latin Modern
)
LaTeX Font Info:    Trying to load font information for OMS+lmsy on input line 163.
(c:/Users/danthomp/AppData/Roaming/TinyTeX/texmf-dist/tex/latex/lm/omslmsy.fd
File: omslmsy.fd 2015/05/01 v1.6.1 Font defs for Latin Modern
)
LaTeX Font Info:    Trying to load font information for OMX+lmex on input line 163.
(c:/Users/danthomp/AppData/Roaming/TinyTeX/texmf-dist/tex/latex/lm/omxlmex.fd
File: omxlmex.fd 2015/05/01 v1.6.1 Font defs for Latin Modern
)
LaTeX Font Info:    External font `lmex10' loaded for size
(Font)              <12> on input line 163.
LaTeX Font Info:    External font `lmex10' loaded for size
(Font)              <8> on input line 163.
LaTeX Font Info:    External font `lmex10' loaded for size
(Font)              <6> on input line 163.
LaTeX Font Info:    Trying to load font information for U+msa on input line 163.
=======
Package caption Info: rotating package is loaded.
Package caption Info: threeparttable package is loaded.
Package caption Info: wrapfig package is loaded.
Package caption Info: End \AtBeginDocument code.
\c@lstlisting=\count363
Package hyperref Info: Link coloring OFF on input line 103.
LaTeX Font Info:    Trying to load font information for U+msa on input line 147.
>>>>>>> 87fc2e8f35135b39fdf2a1906812608d49e01bd6
(c:/Users/danthomp/AppData/Roaming/TinyTeX/texmf-dist/tex/latex/amsfonts/umsa.fd
File: umsa.fd 2013/01/14 v3.01 AMS symbols A
) (c:/Users/danthomp/AppData/Roaming/TinyTeX/texmf-dist/tex/latex/microtype/mt-msa.cfg
File: mt-msa.cfg 2006/02/04 v1.1 microtype config. file: AMS symbols (a) (RS)
)
<<<<<<< HEAD
LaTeX Font Info:    Trying to load font information for U+msb on input line 163.
=======
LaTeX Font Info:    Trying to load font information for U+msb on input line 147.
>>>>>>> 87fc2e8f35135b39fdf2a1906812608d49e01bd6
(c:/Users/danthomp/AppData/Roaming/TinyTeX/texmf-dist/tex/latex/amsfonts/umsb.fd
File: umsb.fd 2013/01/14 v3.01 AMS symbols B
) (c:/Users/danthomp/AppData/Roaming/TinyTeX/texmf-dist/tex/latex/microtype/mt-msb.cfg
File: mt-msb.cfg 2005/06/01 v1.0 microtype config. file: AMS symbols (b) (RS)
)

<<<<<<< HEAD
[1

{c:/Users/danthomp/AppData/Roaming/TinyTeX/texmf-var/fonts/map/pdftex/updmap/pdftex.map}{c:/Users/danthomp/AppData/Roaming/TinyTeX/texmf-dist/fonts/enc/dvips/lm/lm-ec.enc}]
<GMD-Thompson-et-al_files/figure-latex/Fig1-RU-ecozones-1.pdf, id=18, 469.755pt x 325.215pt>
File: GMD-Thompson-et-al_files/figure-latex/Fig1-RU-ecozones-1.pdf Graphic file (type pdf)
<use GMD-Thompson-et-al_files/figure-latex/Fig1-RU-ecozones-1.pdf>
Package pdftex.def Info: GMD-Thompson-et-al_files/figure-latex/Fig1-RU-ecozones-1.pdf  used on input line 307.
(pdftex.def)             Requested size: 469.75386pt x 325.2142pt.
=======
Package xcolor Warning: Incompatible color definition on input line 149.


Overfull \hbox (0.56078pt too wide) in paragraph at lines 149--176
\T1/ptm/m/n/10 greatest impact on forest productivity, landscape structure, timber supply and greenhouse gas emissions. Current representations
 []

LaTeX Font Info:    Trying to load font information for T1+phv on input line 176.
(c:/Users/danthomp/AppData/Roaming/TinyTeX/texmf-dist/tex/latex/psnfss/t1phv.fd
File: t1phv.fd 2020/03/25 scalable font definitions for T1/phv.
)
LaTeX Font Info:    Font shape `T1/phv/m/n' will be
(Font)              scaled to size 8.54997pt on input line 176.

Package natbib Warning: Citation `skakun2022' on page 1 undefined on input line 190.


Package natbib Warning: Citation `jainDriversImpactsRecordBreaking2024' on page 1 undefined on input line 193.



[1

{c:/Users/danthomp/AppData/Roaming/TinyTeX/texmf-var/fonts/map/pdftex/updmap/pdftex.map}{c:/Users/danthomp/AppData/Roaming/TinyTeX/texmf-dist/fonts/enc/dvips/base/8r.enc}]

Package natbib Warning: Citation `stinson2019' on page 2 undefined on input line 198.


Package natbib Warning: Citation `parisien2020' on page 2 undefined on input line 207.


Package natbib Warning: Citation `wangCriticalFireWeather2023' on page 2 undefined on input line 212.


Package natbib Warning: Citation `jainDriversImpactsRecordBreaking2024' on page 2 undefined on input line 213.


Package natbib Warning: Citation `stocks2002' on page 2 undefined on input line 217.


Package natbib Warning: Citation `white2017' on page 2 undefined on input line 223.


Package natbib Warning: Citation `whitman2018' on page 2 undefined on input line 225.


Package natbib Warning: Citation `kurzCBMCFS3ModelCarbondynamics2009' on page 2 undefined on input line 230.


Package natbib Warning: Citation `stinsonInventorybasedAnalysisCanadas2011' on page 2 undefined on input line 232.


Package natbib Warning: Citation `kurz2002' on page 2 undefined on input line 240.


Package natbib Warning: Citation `parks2018' on page 2 undefined on input line 248.


Package natbib Warning: Citation `whitman2024' on page 2 undefined on input line 248.


Package natbib Warning: Citation `whitman2018' on page 2 undefined on input line 252.


Package natbib Warning: Citation `parksNewMetricQuantifying2014' on page 2 undefined on input line 258.

>>>>>>> 87fc2e8f35135b39fdf2a1906812608d49e01bd6


[2]

<<<<<<< HEAD
[3 <./GMD-Thompson-et-al_files/figure-latex/Fig1-RU-ecozones-1.pdf>]
LaTeX Font Info:    Trying to load font information for T1+lmtt on input line 364.
(c:/Users/danthomp/AppData/Roaming/TinyTeX/texmf-dist/tex/latex/lm/t1lmtt.fd
File: t1lmtt.fd 2015/05/01 v1.6.1 Font defs for Latin Modern
)
LaTeX Font Info:    Font shape `T1/lmtt/bx/n' in size <10> not available
(Font)              Font shape `T1/lmtt/b/n' tried instead on input line 367.

LaTeX Font Warning: Font shape `T1/lmtt/bx/it' in size <10> not available
(Font)              Font shape `T1/lmtt/b/sl' tried instead on input line 367.


LaTeX Warning: Reference `fig:Fig-CBI-ecozones-map' on page 4 undefined on input line 372.

LaTeX Font Info:    External font `lmex10' loaded for size
(Font)              <10> on input line 378.
LaTeX Font Info:    External font `lmex10' loaded for size
(Font)              <7> on input line 378.
LaTeX Font Info:    External font `lmex10' loaded for size
(Font)              <5> on input line 378.

=======
Package natbib Warning: Citation `parksNewMetricQuantifying2014' on page 3 undefined on input line 282.
>>>>>>> 87fc2e8f35135b39fdf2a1906812608d49e01bd6


Package natbib Warning: Citation `whitman2018' on page 3 undefined on input line 284.


Package natbib Warning: Citation `whitman2020' on page 3 undefined on input line 290.


Package natbib Warning: Citation `smyth2022' on page 3 undefined on input line 307.



[3]
<GMD-Thompson-et-al_files/figure-latex/Fig1-RU-ecozones-1.pdf, id=51, 433.62pt x 325.215pt>
File: GMD-Thompson-et-al_files/figure-latex/Fig1-RU-ecozones-1.pdf Graphic file (type pdf)
<use GMD-Thompson-et-al_files/figure-latex/Fig1-RU-ecozones-1.pdf>
Package pdftex.def Info: GMD-Thompson-et-al_files/figure-latex/Fig1-RU-ecozones-1.pdf  used on input line 331.
(pdftex.def)             Requested size: 433.61894pt x 325.2142pt.

Package natbib Warning: Citation `heonResistanceBorealForest2014' on page 4 undefined on input line 370.



[4 <./GMD-Thompson-et-al_files/figure-latex/Fig1-RU-ecozones-1.pdf>]

[5]
<<<<<<< HEAD
=======

Package natbib Warning: Citation `kasischke2000' on page 6 undefined on input line 425.


Package natbib Warning: Citation `simon2010' on page 6 undefined on input line 482.

>>>>>>> 87fc2e8f35135b39fdf2a1906812608d49e01bd6

[6{c:/Users/danthomp/AppData/Roaming/TinyTeX/texmf-dist/fonts/enc/dvips/lm/lm-mathit.enc}{c:/Users/danthomp/AppData/Roaming/TinyTeX/texmf-dist/fonts/enc/dvips/lm/lm-mathex.enc}{c:/Users/danthomp/AppData/Roaming/TinyTeX/texmf-dist/fonts/enc/dvips/lm/lm-rm.enc}{c:/Users/danthomp/AppData/Roaming/TinyTeX/texmf-dist/fonts/enc/dvips/lm/lm-mathsy.enc}]

<<<<<<< HEAD
[7]
=======
[6]

Package natbib Warning: Citation `keyLandscapeAssessment2006' on page 7 undefined on input line 500.


Package natbib Warning: Citation `parksGivingEcologicalMeaning2019' on page 7 undefined on input line 500.

<../CBIPlots_Canada_Ecozones.png, id=101, 844.8363pt x 597.432pt>
File: ../CBIPlots_Canada_Ecozones.png Graphic file (type png)
<use ../CBIPlots_Canada_Ecozones.png>
Package pdftex.def Info: ../CBIPlots_Canada_Ecozones.png  used on input line 515.
(pdftex.def)             Requested size: 377.71033pt x 267.10074pt.

Package natbib Warning: Citation `michaletz2006' on page 7 undefined on input line 565.


Package natbib Warning: Citation `hood2017' on page 7 undefined on input line 566.



[7]

[8 <../CBIPlots_Canada_Ecozones.png>]

Package natbib Warning: Citation `hood2017' on page 9 undefined on input line 594.


Package natbib Warning: Citation `santn2015' on page 9 undefined on input line 646.

>>>>>>> 87fc2e8f35135b39fdf2a1906812608d49e01bd6


[9]
<<<<<<< HEAD
Overfull \hbox (64.50725pt too wide) detected at line 845
[]
=======

Package natbib Warning: Citation `prez-izquierdo2019' on page 10 undefined on input line 694.


Package natbib Warning: Citation `strong1985' on page 10 undefined on input line 702.


Overfull \hbox (7.31516pt too wide) detected at line 716
$\OML/cmm/m/it/10 SWFineRootMort:AG \OT1/cmr/m/n/10 = \OML/cmm/m/it/10 SW:Mort \OMS/cmsy/m/n/10 ^^B \OML/cmm/m/it/10 SW:Prop:Fine:Root:duff \OMS/cmsy/m/n/10 ^^B \OT1/cmr/m/n/10 (1 \OMS/cmsy/m/n/10 ^^@ \OML/cmm/m/it/10 Duff:Consump:Fract\OT1/cmr/m/n/10 ) \OMS/cmsy/m/n/10 ^^B \OT1/cmr/m/n/10 (1 \OMS/cmsy/m/n/10 ^^@ \OML/cmm/m/it/10 ReSproutFactor\OT1/cmr/m/n/10 )$  
>>>>>>> 87fc2e8f35135b39fdf2a1906812608d49e01bd6
 []



[10]
<<<<<<< HEAD
<GMD-Thompson-et-al_files/figure-latex/non-GWP-total-C-plot-1.pdf, id=112, 433.62pt x 505.89pt>
File: GMD-Thompson-et-al_files/figure-latex/non-GWP-total-C-plot-1.pdf Graphic file (type pdf)
<use GMD-Thompson-et-al_files/figure-latex/non-GWP-total-C-plot-1.pdf>
Package pdftex.def Info: GMD-Thompson-et-al_files/figure-latex/non-GWP-total-C-plot-1.pdf  used on input line 957.
(pdftex.def)             Requested size: 433.62555pt x 505.89645pt.
<GMD-Thompson-et-al_files/figure-latex/fig-DMs-vs-FBP-1.pdf, id=113, 469.755pt x 325.215pt>
File: GMD-Thompson-et-al_files/figure-latex/fig-DMs-vs-FBP-1.pdf Graphic file (type pdf)
<use GMD-Thompson-et-al_files/figure-latex/fig-DMs-vs-FBP-1.pdf>
Package pdftex.def Info: GMD-Thompson-et-al_files/figure-latex/fig-DMs-vs-FBP-1.pdf  used on input line 966.
(pdftex.def)             Requested size: 469.75386pt x 325.2142pt.


[11]

[12 <./GMD-Thompson-et-al_files/figure-latex/non-GWP-total-C-plot-1.pdf>]
=======

Package natbib Warning: Citation `stocks2004' on page 11 undefined on input line 798.


Package natbib Warning: Citation `talucci2019' on page 11 undefined on input line 799.



[11]

Package natbib Warning: Citation `letang2012' on page 12 undefined on input line 827.


Package natbib Warning: Citation `walker2020' on page 12 undefined on input line 834.



[12]

Package natbib Warning: Citation `letang2012' on page 13 undefined on input line 848.


Package natbib Warning: Citation `letang2012' on page 13 undefined on input line 907.


Package natbib Warning: Citation `walker2020' on page 13 undefined on input line 914.



[13]

Package natbib Warning: Citation `mcalpine1995' on page 14 undefined on input line 973.



[14]
Overfull \hbox (7.78073pt too wide) in paragraph at lines 990--1001
\T1/ptm/m/n/10 In an effort to compare model outputs against an independent, large-scale set of fire atmospheric emissions, fire direct atmospheric
 []



[15]
<GMD-Thompson-et-al_files/figure-latex/non-GWP-total-C-plot-1.pdf, id=222, 433.62pt x 505.89pt>
File: GMD-Thompson-et-al_files/figure-latex/non-GWP-total-C-plot-1.pdf Graphic file (type pdf)
<use GMD-Thompson-et-al_files/figure-latex/non-GWP-total-C-plot-1.pdf>
Package pdftex.def Info: GMD-Thompson-et-al_files/figure-latex/non-GWP-total-C-plot-1.pdf  used on input line 1091.
(pdftex.def)             Requested size: 433.61894pt x 505.88875pt.

LaTeX Warning: Float too large for page by 10.36642pt on input line 1101.

<GMD-Thompson-et-al_files/figure-latex/fig-DMs-vs-FBP-1.pdf, id=223, 469.755pt x 325.215pt>
File: GMD-Thompson-et-al_files/figure-latex/fig-DMs-vs-FBP-1.pdf Graphic file (type pdf)
<use GMD-Thompson-et-al_files/figure-latex/fig-DMs-vs-FBP-1.pdf>
Package pdftex.def Info: GMD-Thompson-et-al_files/figure-latex/fig-DMs-vs-FBP-1.pdf  used on input line 1107.
(pdftex.def)             Requested size: 469.75386pt x 325.2142pt.


[16]

[17 <./GMD-Thompson-et-al_files/figure-latex/non-GWP-total-C-plot-1.pdf>]

[18 <./GMD-Thompson-et-al_files/figure-latex/fig-DMs-vs-FBP-1.pdf>]

Package natbib Warning: Citation `hornbrook2011' on page 19 undefined on input line 1178.
>>>>>>> 87fc2e8f35135b39fdf2a1906812608d49e01bd6

[13 <./GMD-Thompson-et-al_files/figure-latex/fig-DMs-vs-FBP-1.pdf>]

<<<<<<< HEAD
[14]

[15]

[16]
=======
Package natbib Warning: Citation `mcrae1994' on page 19 undefined on input line 1194.

>>>>>>> 87fc2e8f35135b39fdf2a1906812608d49e01bd6

Package natbib Warning: Citation `mcrae2017' on page 19 undefined on input line 1194.


Package natbib Warning: Citation `vayPatternsCO2Radiocarbon2011' on page 19 undefined on input line 1195.


Overfull \hbox (0.49187pt too wide) in paragraph at lines 1177--1198
\T1/ptm/m/n/10 and area burned occurs largely corresponded with modelled values (Table []9[]), suggesting the model provides a fair representation
 []


Package natbib Warning: Citation `lobertImportanceBiomassBurning1990' on page 19 undefined on input line 1208.


Package natbib Warning: Citation `worldmeteorologicalorganizationAtmosphericOzone19851985' on page 19 undefined on input line 1208.


Package natbib Warning: Citation `olivierEmissionDatabaseGlobal1994' on page 19 undefined on input line 1208.


Package natbib Warning: Citation `whitman2020' on page 19 undefined on input line 1219.


<<<<<<< HEAD
[18

]

[19


]
=======

[19]
<GMD-Thompson-et-al_files/figure-latex/Emissions-2023-by-RU-1.pdf, id=279, 469.755pt x 325.215pt>
File: GMD-Thompson-et-al_files/figure-latex/Emissions-2023-by-RU-1.pdf Graphic file (type pdf)
<use GMD-Thompson-et-al_files/figure-latex/Emissions-2023-by-RU-1.pdf>
Package pdftex.def Info: GMD-Thompson-et-al_files/figure-latex/Emissions-2023-by-RU-1.pdf  used on input line 1243.
(pdftex.def)             Requested size: 469.75386pt x 325.2142pt.


[20]

[21 <./GMD-Thompson-et-al_files/figure-latex/Emissions-2023-by-RU-1.pdf>]

LaTeX Warning: Float too large for page by 120.68127pt on input line 1300.


LaTeX Warning: `!h' float specifier changed to `!ht'.



[22]

Package natbib Warning: Citation `kaiserBiomassBurningEmissions2012' on page 23 undefined on input line 1382.


Package natbib Warning: Citation `jonesStateWildfires202320242024' on page 23 undefined on input line 1383.


Package natbib Warning: Citation `jainDriversImpactsRecordBreaking2024' on page 23 undefined on input line 1391.


Package natbib Warning: Citation `voshtaniQuantifyingCOEmissions2025' on page 23 undefined on input line 1394.


Package natbib Warning: Citation `voshtaniQuantifyingCOEmissions2025' on page 23 undefined on input line 1398.



[23


]

Package natbib Warning: Citation `linn2020' on page 24 undefined on input line 1430.


Package natbib Warning: Citation `whitman2018' on page 24 undefined on input line 1433.


Package natbib Warning: Citation `whitman2024' on page 24 undefined on input line 1435.


Package natbib Warning: Citation `melton2020' on page 24 undefined on input line 1441.


Package natbib Warning: Citation `stenzel2019' on page 24 undefined on input line 1442.



[24]

Package natbib Warning: Citation `odonnell2011' on page 25 undefined on input line 1472.


Package natbib Warning: Citation `trofymow2002' on page 25 undefined on input line 1477.


Package natbib Warning: Citation `turetsky2004' on page 25 undefined on input line 1501.


Package natbib Warning: Citation `thompson2019' on page 25 undefined on input line 1501.


Package natbib Warning: Citation `kuntzemann2023' on page 25 undefined on input line 1502.


Package natbib Warning: Citation `parks2018' on page 25 undefined on input line 1509.


Package natbib Warning: Citation `jainDriversImpactsRecordBreaking2024' on page 25 undefined on input line 1510.


Package natbib Warning: Citation `smyth2024' on page 25 undefined on input line 1517.


Overfull \hbox (0.50154pt too wide) in paragraph at lines 1504--1521
[]\T1/ptm/m/n/10 This algorithm is currently built off regionally averaged biomass pools by Reconciliation Unit (Appendix A). While Canadian
 []



[25]

[26]

[27]

[28

]

[29


]

Package natbib Warning: Citation `walker2020' on page 30 undefined on input line 1759.


Overfull \hbox (4.82135pt too wide) in paragraph at lines 1754--1767
[]\T1/ptm/m/n/10 More recent observations and modelling from []de Groot et al.[] ([]2009[]) extended the FBP data with an additional 128 observations
 []


Package natbib Warning: Citation `walker2020' on page 30 undefined on input line 1778.


Package natbib Warning: Citation `walkerFuelAvailabilityNot2020' on page 30 undefined on input line 1780.


Package natbib Warning: Citation `walkerFuelAvailabilityNot2020' on page 30 undefined on input line 1783.


Package natbib Warning: Citation `walkerSoilOrganicLayer2018' on page 30 undefined on input line 1786.
>>>>>>> 87fc2e8f35135b39fdf2a1906812608d49e01bd6

[20

]
<GMD-Thompson-et-al_files/figure-latex/example-FFFC-vs-DC-plot-nls-1.pdf, id=191, 469.755pt x 325.215pt>
File: GMD-Thompson-et-al_files/figure-latex/example-FFFC-vs-DC-plot-nls-1.pdf Graphic file (type pdf)
<use GMD-Thompson-et-al_files/figure-latex/example-FFFC-vs-DC-plot-nls-1.pdf>
Package pdftex.def Info: GMD-Thompson-et-al_files/figure-latex/example-FFFC-vs-DC-plot-nls-1.pdf  used on input line 1613.
(pdftex.def)             Requested size: 469.75386pt x 325.2142pt.
<GMD-Thompson-et-al_files/figure-latex/show-biplot-FFFC-new-1.pdf, id=192, 469.755pt x 325.215pt>
File: GMD-Thompson-et-al_files/figure-latex/show-biplot-FFFC-new-1.pdf Graphic file (type pdf)
<use GMD-Thompson-et-al_files/figure-latex/show-biplot-FFFC-new-1.pdf>
Package pdftex.def Info: GMD-Thompson-et-al_files/figure-latex/show-biplot-FFFC-new-1.pdf  used on input line 1635.
(pdftex.def)             Requested size: 469.75386pt x 325.2142pt.


<<<<<<< HEAD
[21]

[22 <./GMD-Thompson-et-al_files/figure-latex/example-FFFC-vs-DC-plot-nls-1.pdf>]
<GMD-Thompson-et-al_files/figure-latex/FFFC-surface-plot-1.pdf, id=211, 505.89pt x 505.89pt>
File: GMD-Thompson-et-al_files/figure-latex/FFFC-surface-plot-1.pdf Graphic file (type pdf)
<use GMD-Thompson-et-al_files/figure-latex/FFFC-surface-plot-1.pdf>
Package pdftex.def Info: GMD-Thompson-et-al_files/figure-latex/FFFC-surface-plot-1.pdf  used on input line 1643.
(pdftex.def)             Requested size: 469.76265pt x 469.76265pt.
<GMD-Thompson-et-al_files/figure-latex/FFFC-plot-next-1.pdf, id=212, 469.755pt x 325.215pt>
File: GMD-Thompson-et-al_files/figure-latex/FFFC-plot-next-1.pdf Graphic file (type pdf)
<use GMD-Thompson-et-al_files/figure-latex/FFFC-plot-next-1.pdf>
Package pdftex.def Info: GMD-Thompson-et-al_files/figure-latex/FFFC-plot-next-1.pdf  used on input line 1651.
(pdftex.def)             Requested size: 469.75386pt x 325.2142pt.
<GMD-Thompson-et-al_files/figure-latex/FFFC-plot-next2-1.pdf, id=213, 469.755pt x 325.215pt>
File: GMD-Thompson-et-al_files/figure-latex/FFFC-plot-next2-1.pdf Graphic file (type pdf)
<use GMD-Thompson-et-al_files/figure-latex/FFFC-plot-next2-1.pdf>
Package pdftex.def Info: GMD-Thompson-et-al_files/figure-latex/FFFC-plot-next2-1.pdf  used on input line 1655.
(pdftex.def)             Requested size: 469.75386pt x 325.2142pt.


[23 <./GMD-Thompson-et-al_files/figure-latex/show-biplot-FFFC-new-1.pdf>]

[24 <./GMD-Thompson-et-al_files/figure-latex/FFFC-surface-plot-1.pdf>]
<GMD-Thompson-et-al_files/figure-latex/FFFC-plot-next4-1.pdf, id=233, 469.755pt x 325.215pt>
File: GMD-Thompson-et-al_files/figure-latex/FFFC-plot-next4-1.pdf Graphic file (type pdf)
<use GMD-Thompson-et-al_files/figure-latex/FFFC-plot-next4-1.pdf>
Package pdftex.def Info: GMD-Thompson-et-al_files/figure-latex/FFFC-plot-next4-1.pdf  used on input line 1666.
(pdftex.def)             Requested size: 469.75386pt x 325.2142pt.
<GMD-Thompson-et-al_files/figure-latex/AnnualDC-Vis-DC50-1.pdf, id=234, 469.755pt x 325.215pt>
File: GMD-Thompson-et-al_files/figure-latex/AnnualDC-Vis-DC50-1.pdf Graphic file (type pdf)
<use GMD-Thompson-et-al_files/figure-latex/AnnualDC-Vis-DC50-1.pdf>
Package pdftex.def Info: GMD-Thompson-et-al_files/figure-latex/AnnualDC-Vis-DC50-1.pdf  used on input line 1693.
(pdftex.def)             Requested size: 469.75386pt x 325.2142pt.


[25 <./GMD-Thompson-et-al_files/figure-latex/FFFC-plot-next-1.pdf>]

[26 <./GMD-Thompson-et-al_files/figure-latex/FFFC-plot-next2-1.pdf>]

[27 <./GMD-Thompson-et-al_files/figure-latex/FFFC-plot-next4-1.pdf>]
<GMD-Thompson-et-al_files/figure-latex/AnnualDC-Vis-Consump-1.pdf, id=267, 469.755pt x 325.215pt>
File: GMD-Thompson-et-al_files/figure-latex/AnnualDC-Vis-Consump-1.pdf Graphic file (type pdf)
<use GMD-Thompson-et-al_files/figure-latex/AnnualDC-Vis-Consump-1.pdf>
Package pdftex.def Info: GMD-Thompson-et-al_files/figure-latex/AnnualDC-Vis-Consump-1.pdf  used on input line 1695.
=======
[30

]
<GMD-Thompson-et-al_files/figure-latex/example-FFFC-vs-DC-plot-nls-1.pdf, id=416, 469.755pt x 325.215pt>
File: GMD-Thompson-et-al_files/figure-latex/example-FFFC-vs-DC-plot-nls-1.pdf Graphic file (type pdf)
<use GMD-Thompson-et-al_files/figure-latex/example-FFFC-vs-DC-plot-nls-1.pdf>
Package pdftex.def Info: GMD-Thompson-et-al_files/figure-latex/example-FFFC-vs-DC-plot-nls-1.pdf  used on input line 1864.
(pdftex.def)             Requested size: 469.75386pt x 325.2142pt.


[31]
<GMD-Thompson-et-al_files/figure-latex/show-biplot-FFFC-new-1.pdf, id=426, 469.755pt x 325.215pt>
File: GMD-Thompson-et-al_files/figure-latex/show-biplot-FFFC-new-1.pdf Graphic file (type pdf)
<use GMD-Thompson-et-al_files/figure-latex/show-biplot-FFFC-new-1.pdf>
Package pdftex.def Info: GMD-Thompson-et-al_files/figure-latex/show-biplot-FFFC-new-1.pdf  used on input line 1876.
(pdftex.def)             Requested size: 469.75386pt x 325.2142pt.

Overfull \hbox (2.29176pt too wide) in paragraph at lines 1883--1886
[]\T1/ptm/m/n/10 Across the entire parameter space of Buildup Index and AGSlow pool size, the following isolines of proportional consumption
 []

<GMD-Thompson-et-al_files/figure-latex/FFFC-surface-plot-1.pdf, id=427, 505.89pt x 505.89pt>
File: GMD-Thompson-et-al_files/figure-latex/FFFC-surface-plot-1.pdf Graphic file (type pdf)
<use GMD-Thompson-et-al_files/figure-latex/FFFC-surface-plot-1.pdf>
Package pdftex.def Info: GMD-Thompson-et-al_files/figure-latex/FFFC-surface-plot-1.pdf  used on input line 1889.
(pdftex.def)             Requested size: 505.88875pt x 505.88875pt.

Overfull \hbox (2.27498pt too wide) in paragraph at lines 1889--1894
 [][] 
 []

<GMD-Thompson-et-al_files/figure-latex/FFFC-plot-next-1.pdf, id=428, 469.755pt x 325.215pt>
File: GMD-Thompson-et-al_files/figure-latex/FFFC-plot-next-1.pdf Graphic file (type pdf)
<use GMD-Thompson-et-al_files/figure-latex/FFFC-plot-next-1.pdf>
Package pdftex.def Info: GMD-Thompson-et-al_files/figure-latex/FFFC-plot-next-1.pdf  used on input line 1899.
(pdftex.def)             Requested size: 469.75386pt x 325.2142pt.
<GMD-Thompson-et-al_files/figure-latex/FFFC-plot-next2-1.pdf, id=429, 469.755pt x 325.215pt>
File: GMD-Thompson-et-al_files/figure-latex/FFFC-plot-next2-1.pdf Graphic file (type pdf)
<use GMD-Thompson-et-al_files/figure-latex/FFFC-plot-next2-1.pdf>
Package pdftex.def Info: GMD-Thompson-et-al_files/figure-latex/FFFC-plot-next2-1.pdf  used on input line 1908.
(pdftex.def)             Requested size: 469.75386pt x 325.2142pt.
<GMD-Thompson-et-al_files/figure-latex/FFFC-plot-next4-1.pdf, id=430, 469.755pt x 325.215pt>
File: GMD-Thompson-et-al_files/figure-latex/FFFC-plot-next4-1.pdf Graphic file (type pdf)
<use GMD-Thompson-et-al_files/figure-latex/FFFC-plot-next4-1.pdf>
Package pdftex.def Info: GMD-Thompson-et-al_files/figure-latex/FFFC-plot-next4-1.pdf  used on input line 1919.
(pdftex.def)             Requested size: 469.75386pt x 325.2142pt.
<GMD-Thompson-et-al_files/figure-latex/AnnualDC-Vis-BUI50-1.pdf, id=431, 469.755pt x 325.215pt>
File: GMD-Thompson-et-al_files/figure-latex/AnnualDC-Vis-BUI50-1.pdf Graphic file (type pdf)
<use GMD-Thompson-et-al_files/figure-latex/AnnualDC-Vis-BUI50-1.pdf>
Package pdftex.def Info: GMD-Thompson-et-al_files/figure-latex/AnnualDC-Vis-BUI50-1.pdf  used on input line 1930.
(pdftex.def)             Requested size: 469.75386pt x 325.2142pt.
<GMD-Thompson-et-al_files/figure-latex/AnnualDC-Vis-Consump-1.pdf, id=432, 469.755pt x 325.215pt>
File: GMD-Thompson-et-al_files/figure-latex/AnnualDC-Vis-Consump-1.pdf Graphic file (type pdf)
<use GMD-Thompson-et-al_files/figure-latex/AnnualDC-Vis-Consump-1.pdf>
Package pdftex.def Info: GMD-Thompson-et-al_files/figure-latex/AnnualDC-Vis-Consump-1.pdf  used on input line 1937.
>>>>>>> 87fc2e8f35135b39fdf2a1906812608d49e01bd6
(pdftex.def)             Requested size: 469.75386pt x 325.2142pt.


[32 <./GMD-Thompson-et-al_files/figure-latex/example-FFFC-vs-DC-plot-nls-1.pdf>]

<<<<<<< HEAD
[29 <./GMD-Thompson-et-al_files/figure-latex/AnnualDC-Vis-Consump-1.pdf>]

[30

]

[31
=======
[33 <./GMD-Thompson-et-al_files/figure-latex/show-biplot-FFFC-new-1.pdf>]

[34 <./GMD-Thompson-et-al_files/figure-latex/FFFC-surface-plot-1.pdf>]

[35 <./GMD-Thompson-et-al_files/figure-latex/FFFC-plot-next-1.pdf>]

[36 <./GMD-Thompson-et-al_files/figure-latex/FFFC-plot-next2-1.pdf>]

[37 <./GMD-Thompson-et-al_files/figure-latex/FFFC-plot-next4-1.pdf>]

[38 <./GMD-Thompson-et-al_files/figure-latex/AnnualDC-Vis-BUI50-1.pdf>]

[39 <./GMD-Thompson-et-al_files/figure-latex/AnnualDC-Vis-Consump-1.pdf>]

[40

]

[41
>>>>>>> 87fc2e8f35135b39fdf2a1906812608d49e01bd6


]

<<<<<<< HEAD
[32
=======
[42
>>>>>>> 87fc2e8f35135b39fdf2a1906812608d49e01bd6


]

<<<<<<< HEAD
[33


]

[34

]
Overfull \hbox (0.11835pt too wide) in paragraph at lines 1969--1974
\T1/lmr/m/n/10 (-20) ``Increased Deep Soil Respiration Detected Despite Reduced Overall Respiration in Permafrost Peat Plateaus
=======
[43


] (./GMD-Thompson-et-al.bbl

[44

]
Underfull \hbox (badness 1142) in paragraph at lines 34--35
[]\T1/ptm/m/n/9 Bona, K. A., Shaw, C., Thompson, D. K., Hararuk, O., Webster, K., Zhang, G., Voicu, M., and Kurz, W. A.: The Canadian
>>>>>>> 87fc2e8f35135b39fdf2a1906812608d49e01bd6
 []



<<<<<<< HEAD
[35]

[36]
=======
[45]
Underfull \hbox (badness 4505) in paragraph at lines 58--59
[]\T1/ptm/m/n/9 Clark, T. L., Radke, L., Coen, J., and Middleton, D.: Analysis of Small-Scale Convective Dynamics in a Crown Fire
 []
>>>>>>> 87fc2e8f35135b39fdf2a1906812608d49e01bd6

[37]

<<<<<<< HEAD
[38] (./GMD-Thompson-et-al.aux)
 ***********
LaTeX2e <2025-06-01>
L3 programming layer <2025-05-26>
 ***********

LaTeX Warning: There were undefined references.


LaTeX Warning: There were multiply-defined labels.

 ) 
Here is how much of TeX's memory you used:
 15964 strings out of 469848
 259232 string characters out of 5481383
 735306 words of memory out of 5000000
 43609 multiletter control sequences out of 15000+600000
 700255 words of font info for 193 fonts, out of 8000000 for 9000
 14 hyphenation exceptions out of 8191
 89i,12n,93p,1646b,547s stack positions out of 10000i,1000n,20000p,200000b,200000s
<c:/Users/danthomp/AppData/Roaming/TinyTeX/texmf-dist/fonts/type1/public/lm/lmbx10.pfb><c:/Users/danthomp/AppData/Roaming/TinyTeX/texmf-dist/fonts/type1/public/lm/lmbx12.pfb><c:/Users/danthomp/AppData/Roaming/TinyTeX/texmf-dist/fonts/type1/public/lm/lmbx7.pfb><c:/Users/danthomp/AppData/Roaming/TinyTeX/texmf-dist/fonts/type1/public/lm/lmbx9.pfb><c:/Users/danthomp/AppData/Roaming/TinyTeX/texmf-dist/fonts/type1/public/lm/lmex10.pfb><c:/Users/danthomp/AppData/Roaming/TinyTeX/texmf-dist/fonts/type1/public/lm/lmmi10.pfb><c:/Users/danthomp/AppData/Roaming/TinyTeX/texmf-dist/fonts/type1/public/lm/lmmi7.pfb><c:/Users/danthomp/AppData/Roaming/TinyTeX/texmf-dist/fonts/type1/public/lm/lmr10.pfb><c:/Users/danthomp/AppData/Roaming/TinyTeX/texmf-dist/fonts/type1/public/lm/lmr12.pfb><c:/Users/danthomp/AppData/Roaming/TinyTeX/texmf-dist/fonts/type1/public/lm/lmr17.pfb><c:/Users/danthomp/AppData/Roaming/TinyTeX/texmf-dist/fonts/type1/public/lm/lmr7.pfb><c:/Users/danthomp/AppData/Roaming/TinyTeX/texmf-dist/fonts/type1/public/lm/lmr9.pfb><c:/Users/danthomp/AppData/Roaming/TinyTeX/texmf-dist/fonts/type1/public/lm/lmri10.pfb><c:/Users/danthomp/AppData/Roaming/TinyTeX/texmf-dist/fonts/type1/public/lm/lmsy10.pfb><c:/Users/danthomp/AppData/Roaming/TinyTeX/texmf-dist/fonts/type1/public/lm/lmsy7.pfb><c:/Users/danthomp/AppData/Roaming/TinyTeX/texmf-dist/fonts/type1/public/lm/lmtko10.pfb><c:/Users/danthomp/AppData/Roaming/TinyTeX/texmf-dist/fonts/type1/public/lm/lmtt10.pfb><c:/Users/danthomp/AppData/Roaming/TinyTeX/texmf-dist/fonts/type1/public/lm/lmtti10.pfb>
Output written on GMD-Thompson-et-al.pdf (38 pages, 1520639 bytes).
PDF statistics:
 718 PDF objects out of 1000 (max. 8388607)
 610 compressed objects within 7 object streams
 182 named destinations out of 1000 (max. 500000)
 37176 words of extra memory for PDF output out of 42996 (max. 10000000)

=======
Underfull \hbox (badness 10000) in paragraph at lines 58--59
\T1/ptm/m/n/9 Using Infrared Video Camera Imagery, Journal of Applied Meteorology, 38, 1401^^U1420, https://doi.org/[]10.1175/1520-
 []



[46]
! Missing $ inserted.
<inserted text> 
                $
l.130 ..., 8, 222235, \doi{10.1002/rse2.238}, _
                                                  eprint: https://onlinelibr...
I've inserted a begin-math/end-math symbol since I think
you left one out. Proceed, with fingers crossed.

 
Here is how much of TeX's memory you used:
 18354 strings out of 469848
 297533 string characters out of 5481383
 821159 words of memory out of 5000000
 46177 multiletter control sequences out of 15000+600000
 674082 words of font info for 110 fonts, out of 8000000 for 9000
 14 hyphenation exceptions out of 8191
 84i,12n,93p,730b,692s stack positions out of 10000i,1000n,20000p,200000b,200000s
!  ==> Fatal error occurred, no output PDF file produced!
>>>>>>> 87fc2e8f35135b39fdf2a1906812608d49e01bd6
